2025-10-11 15:35:43,999 [INFO] Activator:176 - 


2025-10-11 15:35:44,006 [INFO] Activator:177 - !SESSION log4j initialized
2025-10-11 15:35:51,336 [INFO] LogOutputStream:77 - [STDOUT_REDIRECT] 
2025-10-11 15:35:53,478 [INFO] ApplicationProperties:184 - Using Application install path: C:\ST\STM32CubeIDE_1.19.0\STM32CubeIDE\plugins\com.st.stm32cube.common.mx_6.15.0.202507011659
2025-10-11 15:35:53,505 [INFO] DbMcusXml:78 - Set database path to: C:\ST\STM32CubeIDE_1.19.0\STM32CubeIDE\plugins\com.st.stm32cube.common.mx_6.15.0.202507011659\\db\/mcu/
2025-10-11 15:35:53,505 [INFO] ApiDb:274 - Set plugin database path to: C:\ST\STM32CubeIDE_1.19.0\STM32CubeIDE\plugins\com.st.stm32cube.common.mx_6.15.0.202507011659\\db\/plugins/boardmanager/
2025-10-11 15:35:53,506 [WARN] ApiDb:259 - Overriding images path with different value:  => C:\ST\STM32CubeIDE_1.19.0\STM32CubeIDE\plugins\com.st.stm32cube.common.mx_6.15.0.202507011659\\db\/plugins/mcufinder/images/
2025-10-11 15:35:53,517 [INFO] ApiDb:250 - Set database path to: C:\Users\BJ\.stmcufinder\plugins\mcufinder//mcu/
2025-10-11 15:35:53,519 [INFO] DbMcusAds:125 - Set database path to: C:\Users\BJ\.stmcufinder\plugins\mcufinder//mcu/
2025-10-11 15:35:53,523 [INFO] CrossReferenceDbSqlite:203 - Set database path to: C:\Users\BJ\.stmcufinder\plugins\mcufinder//mcu/cs/
2025-10-11 15:35:53,703 [INFO] RulesReader:64 - Compatibility file has been processed (317 Rules)
2025-10-11 15:35:53,836 [INFO] DbMcusXml:78 - Set database path to: C:\ST\STM32CubeIDE_1.19.0\STM32CubeIDE\plugins\com.st.stm32cube.common.mx_6.15.0.202507011659\\db\/mcu/
2025-10-11 15:35:53,836 [INFO] ApiDb:274 - Set plugin database path to: C:\ST\STM32CubeIDE_1.19.0\STM32CubeIDE\plugins\com.st.stm32cube.common.mx_6.15.0.202507011659\\db\/plugins/boardmanager/
2025-10-11 15:35:53,837 [INFO] ApiDb:261 - Set plugin images path to: C:\ST\STM32CubeIDE_1.19.0\STM32CubeIDE\plugins\com.st.stm32cube.common.mx_6.15.0.202507011659\\db\/plugins/mcufinder/images/
2025-10-11 15:35:53,837 [WARN] DbFile:41 - Overriding database path with different value: C:\Users\BJ\.stmcufinder\plugins\mcufinder/ => C:\Users\BJ\.stmcufinder\plugins\mcufinder
2025-10-11 15:35:53,837 [INFO] ApiDb:250 - Set database path to: C:\Users\BJ\.stmcufinder\plugins\mcufinder//mcu/
2025-10-11 15:35:53,837 [WARN] DbFile:41 - Overriding database path with different value: C:\Users\BJ\.stmcufinder\plugins\mcufinder/ => C:\Users\BJ\.stmcufinder\plugins\mcufinder
2025-10-11 15:35:53,837 [INFO] DbMcusAds:125 - Set database path to: C:\Users\BJ\.stmcufinder\plugins\mcufinder//mcu/
2025-10-11 15:35:53,837 [WARN] DbFile:41 - Overriding database path with different value: C:\Users\BJ\.stmcufinder\plugins\mcufinder/ => C:\Users\BJ\.stmcufinder\plugins\mcufinder
2025-10-11 15:35:53,838 [WARN] DbFile:41 - Overriding database path with different value: C:\Users\BJ\.stmcufinder\plugins\mcufinder/ => C:\Users\BJ\.stmcufinder\plugins\mcufinder
2025-10-11 15:35:53,838 [INFO] CrossReferenceDbSqlite:203 - Set database path to: C:\Users\BJ\.stmcufinder\plugins\mcufinder//mcu/cs/
2025-10-11 15:35:53,966 [INFO] MainPanel:274 - HeapMemory: 268435456
2025-10-11 15:35:54,149 [INFO] DbMcusXml:78 - Set database path to: C:\ST\STM32CubeIDE_1.19.0\STM32CubeIDE\plugins\com.st.stm32cube.common.mx_6.15.0.202507011659\\db\/mcu/
2025-10-11 15:35:54,150 [INFO] ApiDb:274 - Set plugin database path to: C:\ST\STM32CubeIDE_1.19.0\STM32CubeIDE\plugins\com.st.stm32cube.common.mx_6.15.0.202507011659\\db\/plugins/boardmanager/
2025-10-11 15:35:54,150 [INFO] ApiDb:261 - Set plugin images path to: C:\ST\STM32CubeIDE_1.19.0\STM32CubeIDE\plugins\com.st.stm32cube.common.mx_6.15.0.202507011659\\db\/plugins/mcufinder/images/
2025-10-11 15:35:54,150 [WARN] DbFile:41 - Overriding database path with different value: C:\Users\BJ\.stmcufinder\plugins\mcufinder/ => C:\Users\BJ\.stmcufinder\plugins\mcufinder
2025-10-11 15:35:54,150 [INFO] ApiDb:250 - Set database path to: C:\Users\BJ\.stmcufinder\plugins\mcufinder//mcu/
2025-10-11 15:35:54,151 [WARN] DbFile:41 - Overriding database path with different value: C:\Users\BJ\.stmcufinder\plugins\mcufinder/ => C:\Users\BJ\.stmcufinder\plugins\mcufinder
2025-10-11 15:35:54,151 [INFO] DbMcusAds:125 - Set database path to: C:\Users\BJ\.stmcufinder\plugins\mcufinder//mcu/
2025-10-11 15:35:54,151 [WARN] DbFile:41 - Overriding database path with different value: C:\Users\BJ\.stmcufinder\plugins\mcufinder/ => C:\Users\BJ\.stmcufinder\plugins\mcufinder
2025-10-11 15:35:54,151 [WARN] DbFile:41 - Overriding database path with different value: C:\Users\BJ\.stmcufinder\plugins\mcufinder/ => C:\Users\BJ\.stmcufinder\plugins\mcufinder
2025-10-11 15:35:54,151 [INFO] CrossReferenceDbSqlite:203 - Set database path to: C:\Users\BJ\.stmcufinder\plugins\mcufinder//mcu/cs/
2025-10-11 15:35:54,200 [INFO] ApplicationProperties:184 - Using Application install path: C:\ST\STM32CubeIDE_1.19.0\STM32CubeIDE\plugins\com.st.stm32cube.common.mx_6.15.0.202507011659
2025-10-11 15:35:54,202 [INFO] PluginManage:196 - Search for loadable plugins [exclusion list=, ]
2025-10-11 15:35:54,205 [INFO] PluginManage:310 - Check plugin analytics
2025-10-11 15:35:54,700 [INFO] AnalyticsPlugin:253 - Accepted Software Licenses: 
2025-10-11 15:35:54,700 [INFO] AnalyticsPlugin:255 - Accepted CMSIS Pack Licenses: 
2025-10-11 15:35:54,701 [INFO] AnalyticsPlugin:257 - Accepted Firmware Licenses: FW.F7.1.17.0
2025-10-11 15:35:54,708 [INFO] PluginManage:359 - Loaded plugin analytics (category:tool,tabindex:-1)
2025-10-11 15:35:54,708 [INFO] PluginManage:310 - Check plugin cadmodel
2025-10-11 15:35:54,718 [INFO] CADModel:105 - Init CAD model plugin
2025-10-11 15:35:54,718 [INFO] PluginManage:359 - Loaded plugin cadmodel (category:power,tabindex:5)
2025-10-11 15:35:54,719 [INFO] PluginManage:310 - Check plugin clock
2025-10-11 15:35:54,740 [INFO] PluginManage:359 - Loaded plugin clock (category:base,tabindex:2)
2025-10-11 15:35:54,740 [INFO] PluginManage:310 - Check plugin ddr
2025-10-11 15:35:54,746 [INFO] PluginManage:359 - Loaded plugin ddr (category:tool,tabindex:6)
2025-10-11 15:35:54,747 [INFO] PluginManage:310 - Check plugin filemanager
2025-10-11 15:35:55,016 [INFO] PluginManage:359 - Loaded plugin filemanager (category:base,tabindex:10)
2025-10-11 15:35:55,016 [INFO] PluginManage:310 - Check plugin ipmanager
2025-10-11 15:35:55,029 [INFO] PluginManage:359 - Loaded plugin ipmanager (category:base,tabindex:5)
2025-10-11 15:35:55,029 [INFO] PluginManage:310 - Check plugin lpbam
2025-10-11 15:35:55,042 [INFO] PluginManage:359 - Loaded plugin lpbam (category:base,tabindex:0)
2025-10-11 15:35:55,042 [INFO] PluginManage:310 - Check plugin memorymap
2025-10-11 15:35:55,068 [INFO] PluginManage:359 - Loaded plugin memorymap (category:base,tabindex:4)
2025-10-11 15:35:55,069 [INFO] PluginManage:310 - Check plugin pinoutandconfiguration
2025-10-11 15:35:55,082 [INFO] PluginManage:359 - Loaded plugin pinoutandconfiguration (category:base,tabindex:1)
2025-10-11 15:35:55,082 [INFO] PluginManage:310 - Check plugin pinoutconfig
2025-10-11 15:35:55,250 [WARN] SupportedApi:132 - Cannot load RTOS API schema: s4s-elt-must-match.1: The content of 'definitions' must match (annotation?, (simpleType | complexType)?, (unique | key | keyref)*)). A problem was found starting at: attribute.
2025-10-11 15:35:55,499 [INFO] PluginManage:359 - Loaded plugin pinoutconfig (category:base,tabindex:0)
2025-10-11 15:35:55,499 [INFO] PluginManage:310 - Check plugin power
2025-10-11 15:35:55,518 [INFO] PluginManage:359 - Loaded plugin power (category:power,tabindex:4)
2025-10-11 15:35:55,518 [INFO] PluginManage:310 - Check plugin projectmanager
2025-10-11 15:35:55,545 [INFO] PluginManage:359 - Loaded plugin projectmanager (category:projectmanager,tabindex:4)
2025-10-11 15:35:55,545 [INFO] PluginManage:310 - Check plugin rif
2025-10-11 15:35:55,558 [INFO] PluginManage:359 - Loaded plugin rif (category:base,tabindex:3)
2025-10-11 15:35:55,559 [INFO] PluginManage:310 - Check plugin thirdparty
2025-10-11 15:35:55,808 [INFO] PluginManage:359 - Loaded plugin thirdparty (category:base,tabindex:-1)
2025-10-11 15:35:55,808 [WARN] IntegrityCheckThread:84 - waiting for thirdparty lock release [integrity check]
2025-10-11 15:35:55,808 [INFO] PluginManage:310 - Check plugin tools
2025-10-11 15:35:55,808 [INFO] IntegrityCheckThread:86 - entering critical section [integrity check]
2025-10-11 15:35:55,809 [INFO] ThirdPartyUpdaterWithRetryManager:70 - Updater plugin not ready yet. [1/15]
2025-10-11 15:35:55,814 [INFO] PluginManage:359 - Loaded plugin tools (category:base,tabindex:7)
2025-10-11 15:35:55,815 [INFO] PluginManage:310 - Check plugin tutovideos
2025-10-11 15:35:56,223 [INFO] PluginManage:359 - Loaded plugin tutovideos (category:base,tabindex:-1)
2025-10-11 15:35:56,223 [INFO] PluginManage:310 - Check plugin updater
2025-10-11 15:35:56,255 [INFO] PluginManage:359 - Loaded plugin updater (category:base,tabindex:12)
2025-10-11 15:35:56,256 [INFO] PluginManage:310 - Check plugin userauth
2025-10-11 15:35:56,261 [INFO] UserAuth:118 - Init User Auth plugin
2025-10-11 15:35:56,262 [INFO] PluginManage:359 - Loaded plugin userauth (category:base,tabindex:14)
2025-10-11 15:35:56,263 [INFO] PluginManage:283 - PluginManage : Loaded plugins [18]
2025-10-11 15:35:56,604 [INFO] PinOutPanel:1589 - setPackage(No Configuration,No Configuration)
2025-10-11 15:35:56,774 [INFO] CADModel:165 - CPN selected for project level
2025-10-11 15:35:56,774 [INFO] CADModel:114 - Register for checkConnection events
2025-10-11 15:35:56,805 [INFO] IPUIPlugin:80 - create IPUIPlugin
2025-10-11 15:35:56,806 [INFO] PluginManager:220 - loadIPPluginJar : add adc
2025-10-11 15:35:56,810 [INFO] IPUIPlugin:80 - create IPUIPlugin
2025-10-11 15:35:56,811 [INFO] PluginManager:220 - loadIPPluginJar : add aes
2025-10-11 15:35:56,815 [INFO] IPUIPlugin:80 - create IPUIPlugin
2025-10-11 15:35:56,815 [INFO] PluginManager:220 - loadIPPluginJar : add can
2025-10-11 15:35:56,818 [INFO] IPUIPlugin:80 - create IPUIPlugin
2025-10-11 15:35:56,819 [INFO] PluginManager:220 - loadIPPluginJar : add comp
2025-10-11 15:35:56,823 [INFO] IPUIPlugin:80 - create IPUIPlugin
2025-10-11 15:35:56,823 [INFO] PluginManager:220 - loadIPPluginJar : add cryp
2025-10-11 15:35:56,829 [INFO] IPUIPlugin:80 - create IPUIPlugin
2025-10-11 15:35:56,829 [INFO] PluginManager:220 - loadIPPluginJar : add ddr_ctrl_phy
2025-10-11 15:35:56,832 [INFO] IPUIPlugin:80 - create IPUIPlugin
2025-10-11 15:35:56,833 [INFO] PluginManager:220 - loadIPPluginJar : add dfsdm
2025-10-11 15:35:56,842 [INFO] IPUIPlugin:80 - create IPUIPlugin
2025-10-11 15:35:56,844 [INFO] PluginManager:220 - loadIPPluginJar : add dma
2025-10-11 15:35:56,848 [INFO] IPUIPlugin:80 - create IPUIPlugin
2025-10-11 15:35:56,848 [INFO] PluginManager:220 - loadIPPluginJar : add dma3
2025-10-11 15:35:56,852 [INFO] IPUIPlugin:80 - create IPUIPlugin
2025-10-11 15:35:56,852 [INFO] PluginManager:220 - loadIPPluginJar : add extmemmanager
2025-10-11 15:35:56,856 [INFO] IPUIPlugin:80 - create IPUIPlugin
2025-10-11 15:35:56,856 [INFO] PluginManager:220 - loadIPPluginJar : add fatfs
2025-10-11 15:35:56,862 [INFO] IPUIPlugin:80 - create IPUIPlugin
2025-10-11 15:35:56,863 [INFO] PluginManager:220 - loadIPPluginJar : add fmc
2025-10-11 15:35:56,892 [INFO] IPUIPlugin:80 - create IPUIPlugin
2025-10-11 15:35:56,892 [INFO] PluginManager:220 - loadIPPluginJar : add freertos
2025-10-11 15:35:56,931 [INFO] IPUIPlugin:80 - create IPUIPlugin
2025-10-11 15:35:56,931 [INFO] PluginManager:220 - loadIPPluginJar : add genericplugin
2025-10-11 15:35:56,998 [INFO] IPUIPlugin:80 - create IPUIPlugin
2025-10-11 15:35:56,998 [INFO] PluginManager:220 - loadIPPluginJar : add gfxmmu
2025-10-11 15:35:57,025 [INFO] IPUIPlugin:80 - create IPUIPlugin
2025-10-11 15:35:57,026 [INFO] PluginManager:220 - loadIPPluginJar : add gic
2025-10-11 15:35:57,038 [INFO] IPUIPlugin:80 - create IPUIPlugin
2025-10-11 15:35:57,039 [INFO] PluginManager:220 - loadIPPluginJar : add gpio
2025-10-11 15:35:57,043 [INFO] IPUIPlugin:80 - create IPUIPlugin
2025-10-11 15:35:57,043 [INFO] PluginManager:220 - loadIPPluginJar : add gtzc
2025-10-11 15:35:57,048 [INFO] IPUIPlugin:80 - create IPUIPlugin
2025-10-11 15:35:57,048 [INFO] PluginManager:220 - loadIPPluginJar : add hash
2025-10-11 15:35:57,052 [INFO] IPUIPlugin:80 - create IPUIPlugin
2025-10-11 15:35:57,052 [INFO] PluginManager:220 - loadIPPluginJar : add i2c
2025-10-11 15:35:57,056 [INFO] IPUIPlugin:80 - create IPUIPlugin
2025-10-11 15:35:57,056 [INFO] PluginManager:220 - loadIPPluginJar : add i2s
2025-10-11 15:35:57,062 [INFO] IPUIPlugin:80 - create IPUIPlugin
2025-10-11 15:35:57,062 [INFO] PluginManager:220 - loadIPPluginJar : add i3c
2025-10-11 15:35:57,067 [INFO] IPUIPlugin:80 - create IPUIPlugin
2025-10-11 15:35:57,067 [INFO] PluginManager:220 - loadIPPluginJar : add ipddr
2025-10-11 15:35:57,079 [INFO] IPUIPlugin:80 - create IPUIPlugin
2025-10-11 15:35:57,080 [INFO] PluginManager:220 - loadIPPluginJar : add linkedlist
2025-10-11 15:35:57,087 [INFO] IPUIPlugin:80 - create IPUIPlugin
2025-10-11 15:35:57,087 [INFO] PluginManager:220 - loadIPPluginJar : add lorawan
2025-10-11 15:35:57,093 [INFO] IPUIPlugin:80 - create IPUIPlugin
2025-10-11 15:35:57,093 [INFO] PluginManager:220 - loadIPPluginJar : add ltdc
2025-10-11 15:35:57,109 [INFO] IPUIPlugin:80 - create IPUIPlugin
2025-10-11 15:35:57,109 [INFO] PluginManager:220 - loadIPPluginJar : add mdma
2025-10-11 15:35:57,121 [INFO] IPUIPlugin:80 - create IPUIPlugin
2025-10-11 15:35:57,121 [INFO] PluginManager:220 - loadIPPluginJar : add nvic
2025-10-11 15:35:57,127 [INFO] IPUIPlugin:80 - create IPUIPlugin
2025-10-11 15:35:57,127 [INFO] PluginManager:220 - loadIPPluginJar : add opamp
2025-10-11 15:35:57,133 [INFO] IPUIPlugin:80 - create IPUIPlugin
2025-10-11 15:35:57,134 [INFO] PluginManager:220 - loadIPPluginJar : add openamp
2025-10-11 15:35:57,140 [INFO] IPUIPlugin:80 - create IPUIPlugin
2025-10-11 15:35:57,140 [INFO] PluginManager:220 - loadIPPluginJar : add pdm2pcm
2025-10-11 15:35:57,153 [INFO] IPUIPlugin:80 - create IPUIPlugin
2025-10-11 15:35:57,172 [INFO] PluginManager:220 - loadIPPluginJar : add plateformsettings
2025-10-11 15:35:57,176 [INFO] IPUIPlugin:80 - create IPUIPlugin
2025-10-11 15:35:57,176 [INFO] PluginManager:220 - loadIPPluginJar : add quadspi
2025-10-11 15:35:57,180 [INFO] IPUIPlugin:80 - create IPUIPlugin
2025-10-11 15:35:57,181 [INFO] PluginManager:220 - loadIPPluginJar : add radio
2025-10-11 15:35:57,188 [INFO] IPUIPlugin:80 - create IPUIPlugin
2025-10-11 15:35:57,189 [INFO] PluginManager:220 - loadIPPluginJar : add resmgrutility
2025-10-11 15:35:57,196 [INFO] IPUIPlugin:80 - create IPUIPlugin
2025-10-11 15:35:57,197 [INFO] PluginManager:220 - loadIPPluginJar : add sai
2025-10-11 15:35:57,202 [INFO] IPUIPlugin:80 - create IPUIPlugin
2025-10-11 15:35:57,203 [INFO] PluginManager:220 - loadIPPluginJar : add spi
2025-10-11 15:35:57,228 [INFO] IPUIPlugin:80 - create IPUIPlugin
2025-10-11 15:35:57,228 [INFO] PluginManager:220 - loadIPPluginJar : add stm32_wpan
2025-10-11 15:35:57,232 [INFO] IPUIPlugin:80 - create IPUIPlugin
2025-10-11 15:35:57,233 [INFO] PluginManager:220 - loadIPPluginJar : add tim
2025-10-11 15:35:57,239 [INFO] IPUIPlugin:80 - create IPUIPlugin
2025-10-11 15:35:57,239 [INFO] PluginManager:220 - loadIPPluginJar : add touchsensing
2025-10-11 15:35:57,248 [INFO] IPUIPlugin:80 - create IPUIPlugin
2025-10-11 15:35:57,249 [INFO] PluginManager:220 - loadIPPluginJar : add tracer_emb
2025-10-11 15:35:57,255 [INFO] IPUIPlugin:80 - create IPUIPlugin
2025-10-11 15:35:57,256 [INFO] PluginManager:220 - loadIPPluginJar : add ts
2025-10-11 15:35:57,259 [INFO] IPUIPlugin:80 - create IPUIPlugin
2025-10-11 15:35:57,259 [INFO] PluginManager:220 - loadIPPluginJar : add tsc
2025-10-11 15:35:57,263 [INFO] IPUIPlugin:80 - create IPUIPlugin
2025-10-11 15:35:57,264 [INFO] PluginManager:220 - loadIPPluginJar : add ucpd
2025-10-11 15:35:57,268 [INFO] IPUIPlugin:80 - create IPUIPlugin
2025-10-11 15:35:57,268 [INFO] PluginManager:220 - loadIPPluginJar : add usart
2025-10-11 15:35:57,274 [INFO] IPUIPlugin:80 - create IPUIPlugin
2025-10-11 15:35:57,274 [INFO] PluginManager:220 - loadIPPluginJar : add usbx
2025-10-11 15:35:57,466 [FATAL] Updater:351 - Updater called before beeing initialized
2025-10-11 15:35:57,534 [INFO] RulesReader:64 - Compatibility file has been processed (317 Rules)
2025-10-11 15:35:57,556 [INFO] RulesReader:64 - Compatibility file has been processed (317 Rules)
2025-10-11 15:35:57,569 [INFO] CADModel:165 - CPN selected for project level
2025-10-11 15:35:57,570 [INFO] CADModel:114 - Register for checkConnection events
2025-10-11 15:35:57,570 [FATAL] Updater:351 - Updater called before beeing initialized
2025-10-11 15:35:57,570 [ERROR] CADModel:125 - Updater not yet initialized, retry later 
2025-10-11 15:35:57,822 [FATAL] Updater:351 - Updater called before beeing initialized
2025-10-11 15:35:57,825 [INFO] CADModel:165 - CPN selected for project level
2025-10-11 15:35:57,825 [INFO] CADModel:114 - Register for checkConnection events
2025-10-11 15:35:57,825 [FATAL] Updater:351 - Updater called before beeing initialized
2025-10-11 15:35:57,825 [ERROR] CADModel:125 - Updater not yet initialized, retry later 
2025-10-11 15:35:57,829 [FATAL] Updater:351 - Updater called before beeing initialized
2025-10-11 15:35:58,021 [FATAL] Updater:351 - Updater called before beeing initialized
2025-10-11 15:35:58,032 [INFO] DbMcusAds:53 - JSON generation date=Tue Jul 08 15:14:27 ICT 2025 (1751962467633)
2025-10-11 15:35:58,032 [FATAL] Updater:351 - Updater called before beeing initialized
2025-10-11 15:35:58,102 [WARN] DetailPanel:346 - Failed to get advertising image, set to default
2025-10-11 15:35:58,238 [FATAL] Updater:351 - Updater called before beeing initialized
2025-10-11 15:35:58,241 [FATAL] Updater:351 - Updater called before beeing initialized
2025-10-11 15:35:58,241 [FATAL] Updater:351 - Updater called before beeing initialized
2025-10-11 15:35:58,241 [WARN] DetailPanel:346 - Failed to get advertising image, set to default
2025-10-11 15:35:58,243 [FATAL] Updater:351 - Updater called before beeing initialized
2025-10-11 15:35:58,313 [ERROR] Updater:1198 - MainUpdater not yet initialized. External WinMGr cannot be set.
2025-10-11 15:35:58,316 [INFO] Updater:1134 - Updater Version found : 6.15.0
2025-10-11 15:35:58,338 [INFO] ApplicationProperties:184 - Using Application install path: C:\ST\STM32CubeIDE_1.19.0\STM32CubeIDE\plugins\com.st.stm32cube.common.mx_6.15.0.202507011659
2025-10-11 15:35:58,811 [INFO] ThirdPartyUpdaterWithRetryManager:70 - Updater plugin not ready yet. [2/15]
2025-10-11 15:35:59,922 [ERROR] LogOutputStream:75 - [STDERR_REDIRECT] Oct 11, 2025 3:35:59 PM java.util.prefs.WindowsPreferences <init>
2025-10-11 15:35:59,923 [ERROR] LogOutputStream:75 - [STDERR_REDIRECT] WARNING: Could not open/create prefs root node Software\JavaSoft\Prefs at root 0xffffffff80000002. Windows RegCreateKeyEx(...) returned error code 5.
2025-10-11 15:35:59,924 [ERROR] LogOutputStream:75 - [STDERR_REDIRECT] 
2025-10-11 15:36:00,419 [INFO] MainUpdater:2872 - connection check result : 10
2025-10-11 15:36:00,420 [INFO] MainUpdater:289 - Updater Check For Update Now.
2025-10-11 15:36:00,421 [INFO] MicroXplorer:498 - Change Database Version : DB.6.0.150
2025-10-11 15:36:00,434 [INFO] McuFinderGlobals:63 - Set McuFinder mode to 2 (CubeIDE integrated)
2025-10-11 15:36:00,434 [INFO] UserAuth:171 - activating auth plugin
2025-10-11 15:36:00,452 [INFO] UserAuth:487 - Internet connection configuration mode: 1
2025-10-11 15:36:00,506 [INFO] JxBrowserEngine:152 - Initiate JxBrowser Engine with user profile folder
2025-10-11 15:36:00,741 [INFO] CheckServerUpdateThread:120 - End of CheckServer Thread
2025-10-11 15:36:02,569 [WARN] PackLoader:240 - Cannot read IP mode file for STMicroelectronics.FP-SNS-MOTENVWB1.1.4.0
2025-10-11 15:36:02,589 [WARN] PackLoader:240 - Cannot read IP mode file for STMicroelectronics.FP-ATR-ASTRA1.2.0.2
2025-10-11 15:36:02,606 [WARN] PackLoader:240 - Cannot read IP mode file for STMicroelectronics.X-CUBE-SMBUS.2.1.0
2025-10-11 15:36:02,616 [WARN] PackLoader:240 - Cannot read IP mode file for STMicroelectronics.X-CUBE-ST60.1.0.0
2025-10-11 15:36:02,693 [WARN] PackLoader:240 - Cannot read IP mode file for STMicroelectronics.X-CUBE-AZRTOS-F7.1.1.0
2025-10-11 15:36:02,722 [WARN] PackLoader:240 - Cannot read IP mode file for Cesanta.I-CUBE-Mongoose.7.19.0
2025-10-11 15:36:02,755 [WARN] PackLoader:240 - Cannot read IP mode file for WES.I-CUBE-Cesium.1.4.0
2025-10-11 15:36:02,899 [WARN] PackLoader:240 - Cannot read IP mode file for Infineon.AIROC-Wi-Fi-Bluetooth-STM32.1.7.1
2025-10-11 15:36:03,031 [WARN] PackLoader:240 - Cannot read IP mode file for STMicroelectronics.X-CUBE-AZRTOS-H7.3.4.0
2025-10-11 15:36:03,063 [WARN] PackLoader:240 - Cannot read IP mode file for STMicroelectronics.X-CUBE-DISPLAY.3.0.0
2025-10-11 15:36:03,102 [WARN] PackLoader:240 - Cannot read IP mode file for STMicroelectronics.X-CUBE-NFC10.1.0.0
2025-10-11 15:36:03,119 [WARN] PackLoader:240 - Cannot read IP mode file for emotas.I-CUBE-CANOPEN.1.3.0
2025-10-11 15:36:03,122 [INFO] WebApp:169 - Instantiating new browser for Auth
2025-10-11 15:36:03,135 [WARN] PackLoader:240 - Cannot read IP mode file for STMicroelectronics.FP-SNS-STBOX1.2.1.0
2025-10-11 15:36:03,185 [WARN] PackLoader:240 - Cannot read IP mode file for STMicroelectronics.FP-SNS-SMARTAG2.1.2.0
2025-10-11 15:36:03,202 [WARN] PackLoader:240 - Cannot read IP mode file for STMicroelectronics.FP-SNS-FLIGHT1.5.1.0
2025-10-11 15:36:03,250 [INFO] LogOutputStream:77 - [STDOUT_REDIRECT] 1 : Invalid condition id : UX_CORESTACK_Condition cause : null
2025-10-11 15:36:03,252 [INFO] LogOutputStream:77 - [STDOUT_REDIRECT] 1 : Invalid condition id : UX_CORESTACK_Condition cause : null
2025-10-11 15:36:03,269 [INFO] LogOutputStream:77 - [STDOUT_REDIRECT] 1 : Invalid condition id : UX_CORESTACK_Condition cause : null
2025-10-11 15:36:03,274 [INFO] LogOutputStream:77 - [STDOUT_REDIRECT] 1 : Invalid condition id : UX_CORESTACK_Condition cause : null
2025-10-11 15:36:03,280 [INFO] LogOutputStream:77 - [STDOUT_REDIRECT] 1 : Invalid condition id : UX_CORESTACK_Condition cause : null
2025-10-11 15:36:03,287 [WARN] PackLoader:240 - Cannot read IP mode file for STMicroelectronics.X-CUBE-AZRTOS-WL.2.0.0
2025-10-11 15:36:03,308 [WARN] PackLoader:240 - Cannot read IP mode file for STMicroelectronics.FP-SNS-MOTENV1.5.0.0
2025-10-11 15:36:03,362 [WARN] PackLoader:240 - Cannot read IP mode file for STMicroelectronics.X-CUBE-BLE2.3.3.0
2025-10-11 15:36:03,389 [WARN] PackLoader:240 - Cannot read IP mode file for STMicroelectronics.X-CUBE-NFC9.1.0.0
2025-10-11 15:36:03,432 [WARN] PackLoader:240 - Cannot read IP mode file for wolfSSL.I-CUBE-wolfSSL.5.8.2
2025-10-11 15:36:03,443 [WARN] PackLoader:240 - Cannot read IP mode file for STMicroelectronics.X-CUBE-BLE1.7.1.0
2025-10-11 15:36:03,453 [WARN] PackLoader:240 - Cannot read IP mode file for wolfSSL.I-CUBE-wolfMQTT.1.19.2
2025-10-11 15:36:03,469 [WARN] PackLoader:240 - Cannot read IP mode file for STMicroelectronics.X-CUBE-EEPRMA1.5.2.0
2025-10-11 15:36:03,503 [WARN] PackLoader:240 - Cannot read IP mode file for STMicroelectronics.X-CUBE-AZRTOS-G0.1.1.0
2025-10-11 15:36:03,519 [WARN] PackLoader:240 - Cannot read IP mode file for STMicroelectronics.X-CUBE-SAFEA1.1.2.2
2025-10-11 15:36:03,553 [WARN] PackLoader:240 - Cannot read IP mode file for STMicroelectronics.X-CUBE-NFC4.3.0.0
2025-10-11 15:36:03,582 [WARN] PackLoader:240 - Cannot read IP mode file for EmbeddedOffice.I-CUBE-FS-RTOS.1.0.1
2025-10-11 15:36:03,596 [WARN] PackLoader:240 - Cannot read IP mode file for STMicroelectronics.X-CUBE-WB05N.2.0.0
2025-10-11 15:36:03,606 [WARN] PackLoader:240 - Cannot read IP mode file for wolfSSL.I-CUBE-wolfTPM.3.8.0
2025-10-11 15:36:03,618 [WARN] PackLoader:240 - Cannot read IP mode file for STMicroelectronics.X-CUBE-TCPP.4.2.0
2025-10-11 15:36:03,637 [WARN] PackLoader:240 - Cannot read IP mode file for RealThread.X-CUBE-RT-Thread_Nano.4.1.1
2025-10-11 15:36:03,647 [WARN] PackLoader:240 - Cannot read IP mode file for STMicroelectronics.FP-ATR-SIGFOX1.3.2.0
2025-10-11 15:36:03,661 [WARN] PackLoader:240 - Cannot read IP mode file for ITTIA_DB.I-CUBE-ITTIADB.8.9.0
2025-10-11 15:36:03,675 [WARN] PackLoader:240 - Cannot read IP mode file for STMicroelectronics.X-CUBE-ST67W61.1.0.0
2025-10-11 15:36:03,687 [WARN] PackLoader:240 - Cannot read IP mode file for STMicroelectronics.X-CUBE-AI.10.2.0
2025-10-11 15:36:03,801 [WARN] PackLoader:240 - Cannot read IP mode file for SEGGER.I-CUBE-embOS.1.3.1
2025-10-11 15:36:04,004 [WARN] PackLoader:240 - Cannot read IP mode file for STMicroelectronics.X-CUBE-ALGOBUILD.1.4.0
2025-10-11 15:36:04,191 [WARN] PackLoader:240 - Cannot read IP mode file for STMicroelectronics.X-CUBE-MEMS1.11.3.0
2025-10-11 15:36:04,488 [WARN] PackLoader:240 - Cannot read IP mode file for STMicroelectronics.X-CUBE-PM33A1.1.0.0
2025-10-11 15:36:04,520 [WARN] PackLoader:240 - Cannot read IP mode file for STMicroelectronics.X-CUBE-AZRTOS-F4.1.1.0
2025-10-11 15:36:04,534 [WARN] PackLoader:240 - Cannot read IP mode file for Avnet-IotConnect.X-CUBE-IoTC-DA16k-PMOD.1.0.0
2025-10-11 15:36:04,541 [WARN] PackLoader:240 - Cannot read IP mode file for STMicroelectronics.X-CUBE-ISPU.2.1.0
2025-10-11 15:36:04,559 [WARN] PackLoader:240 - Cannot read IP mode file for STMicroelectronics.X-CUBE-NFC12.1.0.0
2025-10-11 15:36:04,615 [WARN] PackLoader:240 - Cannot read IP mode file for STMicroelectronics.X-CUBE-AZRTOS-L5.2.0.0
2025-10-11 15:36:04,633 [WARN] PackLoader:240 - Cannot read IP mode file for STMicroelectronics.X-CUBE-NFC6.3.1.0
2025-10-11 15:36:04,650 [WARN] PackLoader:240 - Cannot read IP mode file for STMicroelectronics.X-CUBE-FREERTOS.1.3.1
2025-10-11 15:36:04,664 [WARN] PackLoader:240 - Cannot read IP mode file for STMicroelectronics.X-CUBE-TOUCHGFX.4.26.0
2025-10-11 15:36:04,675 [WARN] PackLoader:240 - Cannot read IP mode file for STMicroelectronics.FP-SNS-STAIOTCFT.1.0.0
2025-10-11 15:36:04,684 [WARN] PackLoader:240 - Cannot read IP mode file for STMicroelectronics.X-CUBE-DPower.1.3.0
2025-10-11 15:36:04,720 [WARN] ConditionMgr:438 - getConditionDescription Invalid condition id : LAN8742 Phy interface Condition cause : null
2025-10-11 15:36:04,721 [WARN] PackLoader:240 - Cannot read IP mode file for STMicroelectronics.X-CUBE-AZRTOS-L4.2.0.0
2025-10-11 15:36:04,724 [WARN] ConditionMgr:1044 - genDependencies : Invalid condition id : LAN8742 Phy interface Condition cause : null
2025-10-11 15:36:04,725 [WARN] ConditionMgr:1044 - genDependencies : Invalid condition id : LAN8742 Phy interface Condition cause : null
2025-10-11 15:36:04,726 [WARN] ConditionMgr:1044 - genDependencies : Invalid condition id : LAN8742 Phy interface Condition cause : null
2025-10-11 15:36:04,751 [WARN] PackLoader:240 - Cannot read IP mode file for STMicroelectronics.X-CUBE-SFXS2LP1.4.0.0
2025-10-11 15:36:04,790 [WARN] PackLoader:240 - Cannot read IP mode file for STMicroelectronics.X-CUBE-BLEMGR.4.1.0
2025-10-11 15:36:04,834 [WARN] ConditionMgr:438 - getConditionDescription Invalid condition id : UX DEVICE CLASS RTOS Condition cause : null
2025-10-11 15:36:04,834 [WARN] ConditionMgr:438 - getConditionDescription Invalid condition id : UX DEVICE CLASS RTOS Condition cause : null
2025-10-11 15:36:04,838 [WARN] PackLoader:240 - Cannot read IP mode file for STMicroelectronics.X-CUBE-AZRTOS-WB.2.0.0
2025-10-11 15:36:04,839 [WARN] ConditionMgr:1044 - genDependencies : Invalid condition id : UX DEVICE CLASS RTOS Condition cause : null
2025-10-11 15:36:04,839 [WARN] ConditionMgr:1044 - genDependencies : Invalid condition id : UX DEVICE CLASS RTOS Condition cause : null
2025-10-11 15:36:04,840 [WARN] ConditionMgr:1044 - genDependencies : Invalid condition id : UX DEVICE CLASS RTOS Condition cause : null
2025-10-11 15:36:04,840 [WARN] ConditionMgr:1044 - genDependencies : Invalid condition id : UX DEVICE CLASS RTOS Condition cause : null
2025-10-11 15:36:04,840 [WARN] ConditionMgr:1044 - genDependencies : Invalid condition id : UX DEVICE CLASS RTOS Condition cause : null
2025-10-11 15:36:04,852 [WARN] PackLoader:240 - Cannot read IP mode file for STMicroelectronics.X-CUBE-GNSS1.7.0.1
2025-10-11 15:36:04,858 [WARN] PackLoader:240 - Cannot read IP mode file for STMicroelectronics.X-CUBE-TOUCHGFX.4.25.0
2025-10-11 15:36:04,865 [WARN] ConditionMgr:438 - getConditionDescription Invalid condition id : Cortex-A Device cause : null
2025-10-11 15:36:04,892 [WARN] ConditionMgr:1044 - genDependencies : Invalid condition id : Cortex-A Device cause : null
2025-10-11 15:36:04,892 [WARN] ConditionMgr:1044 - genDependencies : Invalid condition id : Cortex-A Device cause : null
2025-10-11 15:36:04,893 [WARN] ConditionMgr:1044 - genDependencies : Invalid condition id : Cortex-A Device cause : null
2025-10-11 15:36:04,920 [WARN] PackLoader:240 - Cannot read IP mode file for STMicroelectronics.X-CUBE-SUBG2.5.0.0
2025-10-11 15:36:04,971 [WARN] PackLoader:240 - Cannot read IP mode file for STMicroelectronics.X-CUBE-AZRTOS-H7RS.1.1.0
2025-10-11 15:36:05,001 [WARN] PackLoader:240 - Cannot read IP mode file for STMicroelectronics.X-CUBE-AZRTOS-G4.2.0.0
2025-10-11 15:36:05,009 [WARN] PackLoader:240 - Cannot read IP mode file for wolfSSL.I-CUBE-wolfSSH.1.4.20
2025-10-11 15:36:05,017 [WARN] PackLoader:240 - Cannot read IP mode file for STMicroelectronics.X-CUBE-NFC7.2.0.0
2025-10-11 15:36:05,039 [WARN] PackLoader:240 - Cannot read IP mode file for STMicroelectronics.X-CUBE-IPS.3.1.0
2025-10-11 15:36:05,057 [WARN] PackLoader:240 - Cannot read IP mode file for STMicroelectronics.X-CUBE-ALS.1.0.2
2025-10-11 15:36:05,069 [WARN] PackLoader:240 - Cannot read IP mode file for STMicroelectronics.X-CUBE-STSE01.1.0.0
2025-10-11 15:36:05,098 [WARN] PackLoader:240 - Cannot read IP mode file for STMicroelectronics.X-CUBE-TOF1.3.4.3
2025-10-11 15:36:05,126 [INFO] ThirdParty:978 - Integrity check success = true
2025-10-11 15:36:05,127 [INFO] IntegrityCheckThread:100 - exiting critical section [integrity check]
2025-10-11 15:36:05,127 [INFO] IntegrityCheckThread:103 - End integrity checks thread
2025-10-11 15:36:05,551 [INFO] WebApp:463 - Apply proxy settings
2025-10-11 15:36:05,553 [INFO] WebApp:548 - Chromium requires no authentication
2025-10-11 15:36:05,575 [INFO] WebApp:491 - Direct internet connection detected
2025-10-11 15:36:05,624 [INFO] WebApp:900 - Register for checkConnection events
2025-10-11 15:36:05,625 [INFO] WebApp:463 - Apply proxy settings
2025-10-11 15:36:05,625 [INFO] WebApp:548 - Chromium requires no authentication
2025-10-11 15:36:05,625 [INFO] WebApp:491 - Direct internet connection detected
2025-10-11 15:36:05,857 [INFO] WebApp:191 - Connection restablished
2025-10-11 15:36:05,974 [INFO] WebApp:225 - Starting web application
2025-10-11 15:36:05,975 [INFO] WebApp:593 - Web application path used C:\ST\STM32CubeIDE_1.19.0\STM32CubeIDE\plugins\com.st.stm32cube.common.mx_6.15.0.202507011659\db\plugins\mcufinder\reactClient1\index.html
2025-10-11 15:51:47,149 [ERROR] LogOutputStream:75 - [STDERR_REDIRECT] 
