2025-10-07 00:59:30,365 [INFO] MainUpdater:2872 - connection check result : 10
2025-10-07 00:59:30,376 [INFO] MainUpdater:2872 - connection check result : 10
2025-10-07 00:59:30,589 [INFO] MicroXplorer:468 - Change Database Path : 
2025-10-07 00:59:30,590 [INFO] MicroXplorer:498 - Change Database Version : DB.6.0.150
2025-10-07 00:59:30,680 [ERROR] ProjectManagerView:395 - 
java.lang.NullPointerException: Cannot invoke "javax.swing.JTextField.getText()" because the return value of "java.util.List.get(int)" is null
	at com.st.microxplorer.plugins.projectmanager.gui.ProjectChoiceTab$9.caretUpdate(ProjectChoiceTab.java:2706) ~[filemanager.jar:?]
	at javax.swing.text.JTextComponent.fireCaretUpdate(JTextComponent.java:408) ~[?:?]
	at javax.swing.text.JTextComponent$MutableCaretEvent.fire(JTextComponent.java:4484) ~[?:?]
	at javax.swing.text.JTextComponent$MutableCaretEvent.stateChanged(JTextComponent.java:4506) ~[?:?]
	at javax.swing.text.DefaultCaret.fireStateChanged(DefaultCaret.java:857) ~[?:?]
	at javax.swing.text.DefaultCaret.changeCaretPosition(DefaultCaret.java:1343) ~[?:?]
	at javax.swing.text.DefaultCaret.handleSetDot(DefaultCaret.java:1242) ~[?:?]
	at javax.swing.text.DefaultCaret.setDot(DefaultCaret.java:1223) ~[?:?]
	at javax.swing.text.DefaultCaret$Handler.insertUpdate(DefaultCaret.java:1819) ~[?:?]
	at javax.swing.text.AbstractDocument.fireInsertUpdate(AbstractDocument.java:227) ~[?:?]
	at javax.swing.text.AbstractDocument.handleInsertString(AbstractDocument.java:781) ~[?:?]
	at javax.swing.text.AbstractDocument.insertString(AbstractDocument.java:740) ~[?:?]
	at javax.swing.text.PlainDocument.insertString(PlainDocument.java:131) ~[?:?]
	at javax.swing.text.AbstractDocument.replace(AbstractDocument.java:699) ~[?:?]
	at javax.swing.text.JTextComponent.setText(JTextComponent.java:1725) ~[?:?]
	at com.st.microxplorer.plugins.projectmanager.gui.ProjectChoiceTab.createHeapStackFields(ProjectChoiceTab.java:993) ~[filemanager.jar:?]
	at com.st.microxplorer.plugins.projectmanager.gui.ProjectChoiceTab.buildLinkSettingsPanel(ProjectChoiceTab.java:3813) ~[filemanager.jar:?]
	at com.st.microxplorer.plugins.projectmanager.gui.ProjectChoiceTab.defineWindowsFields(ProjectChoiceTab.java:1987) ~[filemanager.jar:?]
	at com.st.microxplorer.plugins.projectmanager.gui.ProjectChoiceTab.updateSettings(ProjectChoiceTab.java:558) ~[filemanager.jar:?]
	at com.st.microxplorer.plugins.projectmanager.gui.ProjectSettingsPanel.UpdateDialog(ProjectSettingsPanel.java:247) ~[filemanager.jar:?]
	at com.st.microxplorer.plugins.projectmanager.ProjectManagerView.propertyChange(ProjectManagerView.java:392) ~[filemanager.jar:?]
	at java.beans.PropertyChangeSupport.fire(PropertyChangeSupport.java:343) ~[?:?]
	at java.beans.PropertyChangeSupport.firePropertyChange(PropertyChangeSupport.java:335) ~[?:?]
	at java.beans.PropertyChangeSupport.firePropertyChange(PropertyChangeSupport.java:268) ~[?:?]
	at com.st.microxplorer.util.MXPropertyChangeSupport.firePropertyChange(MXPropertyChangeSupport.java:54) ~[STM32CubeMX.jar:?]
	at com.st.microxplorer.mxsystem.MxSystem.closeConfig(MxSystem.java:899) ~[STM32CubeMX.jar:?]
	at com.st.microxplorer.maingui.MainPanel.closeConfig(MainPanel.java:792) ~[STM32CubeMX.jar:?]
	at com.st.microxplorer.plugins.filemanager.engine.OpenFileManager.loadConfigurationFile(OpenFileManager.java:288) ~[filemanager.jar:?]
	at com.st.microxplorer.plugins.filemanager.engine.MainFileManager.userLoadConfig(MainFileManager.java:364) ~[filemanager.jar:?]
	at com.st.microxplorer.plugins.filemanager.engine.MainFileManager.userLoadConfig(MainFileManager.java:342) ~[filemanager.jar:?]
	at com.st.microxplorer.plugins.filemanager.FileManagerView.getSpecificTask(FileManagerView.java:264) ~[filemanager.jar:?]
	at com.st.stm32cube.common.mx.editor.CubeMxEditor.getMxTabbedPaneInstance(CubeMxEditor.java:1198) ~[com.st.stm32cube.common.mx_6.15.0.202507011659/:?]
	at com.st.stm32cube.common.mx.editor.CubeMxEditor$12$1.createSwingComponent(CubeMxEditor.java:1068) ~[com.st.stm32cube.common.mx_6.15.0.202507011659/:?]
	at com.st.stm32cube.common.mx.oss.core.awtswtbridge.EmbeddedSwingComposite.doComponentCreation(EmbeddedSwingComposite.java:492) ~[com.st.stm32cube.common.mx.oss_6.15.0.202507011659/:?]
	at com.st.stm32cube.common.mx.oss.core.awtswtbridge.EmbeddedSwingComposite$4.run(EmbeddedSwingComposite.java:291) ~[com.st.stm32cube.common.mx.oss_6.15.0.202507011659/:?]
	at com.st.stm32cube.common.mx.oss.core.awtswtbridge.AwtEnvironment$2.run(AwtEnvironment.java:166) ~[com.st.stm32cube.common.mx.oss_6.15.0.202507011659/:?]
	at java.awt.event.InvocationEvent.dispatch(InvocationEvent.java:318) ~[?:?]
	at java.awt.EventQueue.dispatchEventImpl(EventQueue.java:773) ~[?:?]
	at java.awt.EventQueue$4.run(EventQueue.java:720) ~[?:?]
	at java.awt.EventQueue$4.run(EventQueue.java:714) ~[?:?]
	at java.security.AccessController.doPrivileged(AccessController.java:400) ~[?:?]
	at java.security.ProtectionDomain$JavaSecurityAccessImpl.doIntersectionPrivilege(ProtectionDomain.java:87) ~[?:?]
	at java.awt.EventQueue.dispatchEvent(EventQueue.java:742) ~[?:?]
	at java.awt.EventDispatchThread.pumpOneEventForFilters(EventDispatchThread.java:203) ~[?:?]
	at java.awt.EventDispatchThread.pumpEventsForFilter(EventDispatchThread.java:124) ~[?:?]
	at java.awt.EventDispatchThread.pumpEventsForHierarchy(EventDispatchThread.java:113) ~[?:?]
	at java.awt.EventDispatchThread.pumpEvents(EventDispatchThread.java:109) ~[?:?]
	at java.awt.EventDispatchThread.pumpEvents(EventDispatchThread.java:101) ~[?:?]
	at java.awt.EventDispatchThread.run(EventDispatchThread.java:90) ~[?:?]
2025-10-07 00:59:30,684 [WARN] ThirdParty:871 - waiting for thirdparty lock release [close project]
2025-10-07 00:59:30,684 [INFO] ThirdParty:873 - entering critical section [close project]
2025-10-07 00:59:30,685 [INFO] ThirdParty:883 - exiting critical section [close project]
2025-10-07 00:59:30,699 [INFO] PinOutPanel:1589 - setPackage(No Configuration,No Configuration)
2025-10-07 00:59:30,732 [WARN] IpParametersView:155 - Warning: This peripheral hasn't parameters
2025-10-07 00:59:30,772 [WARN] MainPanel:289 - <html><b><center>Warning: This peripheral has no parameters to be configured<br></b></html>
2025-10-07 00:59:30,789 [INFO] UtilMem:75 - Begin LoadConfig() Used Memory: 942009464 Bytes (1073741824)
2025-10-07 00:59:30,791 [INFO] MicroXplorer:468 - Change Database Path : 
2025-10-07 00:59:30,791 [INFO] MicroXplorer:498 - Change Database Version : DB.6.0.150
2025-10-07 00:59:30,791 [INFO] OpenFileManager:355 - Change cursor
2025-10-07 00:59:30,852 [INFO] RulesReader:64 - Compatibility file has been processed (317 Rules)
2025-10-07 00:59:30,874 [INFO] Mcu:2029 - Initializing MCU STM32F746ZGTx STM32F746ZGTx STM32F746ZGT6
2025-10-07 00:59:33,941 [INFO] Context:786 - Trying to add GPIOservice into a context  which must be forbidden
2025-10-07 00:59:35,012 [INFO] ImportTextPane:234 - (OptionalMessage_ERROR) Pin62 (VP_RIF_VS_RIF1) cannot be retrieved for this MCU
2025-10-07 00:59:35,105 [INFO] RtosManager:558 - Registered RTOS mode: class=CMSIS, group=RTOS, mode=CMSIS_V1, owner=FREERTOS
2025-10-07 00:59:35,105 [INFO] RtosManager:558 - Registered RTOS mode: class=CMSIS, group=RTOS2, mode=CMSIS_V2, owner=FREERTOS
2025-10-07 00:59:35,105 [INFO] RtosManager:558 - Registered RTOS mode: class=RTOS, group=Core, mode=CMSIS_V1, owner=FREERTOS
2025-10-07 00:59:35,105 [INFO] RtosManager:558 - Registered RTOS mode: class=RTOS, group=Core, mode=CMSIS_V2, owner=FREERTOS
2025-10-07 00:59:35,105 [WARN] ModelIntegratedComponent:184 - Missing modes for component STMicroelectronics:FreeRTOS:0.0.1:STMicroelectronics:RTOS:FreeRTOS:Core:::10.2.0:
2025-10-07 00:59:35,131 [WARN] ModelIntegratedComponent:63 - No mode defined for component null
2025-10-07 00:59:35,131 [WARN] ModelIntegratedComponent:63 - No mode defined for component null
2025-10-07 00:59:35,131 [WARN] ModelIntegratedComponent:63 - No mode defined for component null
2025-10-07 00:59:35,131 [WARN] ModelIntegratedComponent:63 - No mode defined for component null
2025-10-07 00:59:35,131 [WARN] ModelIntegratedComponent:63 - No mode defined for component null
2025-10-07 00:59:35,131 [WARN] ModelIntegratedComponent:63 - No mode defined for component null
2025-10-07 00:59:35,131 [WARN] ModelIntegratedComponent:63 - No mode defined for component null
2025-10-07 00:59:35,131 [WARN] ModelIntegratedComponent:63 - No mode defined for component null
2025-10-07 00:59:35,131 [WARN] ModelIntegratedComponent:63 - No mode defined for component null
2025-10-07 00:59:35,131 [WARN] ModelIntegratedComponent:63 - No mode defined for component null
2025-10-07 00:59:35,131 [WARN] ModelIntegratedComponent:63 - No mode defined for component null
2025-10-07 00:59:35,131 [WARN] ModelIntegratedComponent:63 - No mode defined for component null
2025-10-07 00:59:35,131 [WARN] ModelIntegratedComponent:63 - No mode defined for component null
2025-10-07 00:59:35,132 [WARN] ModelIntegratedComponent:63 - No mode defined for component null
2025-10-07 00:59:35,132 [WARN] ModelIntegratedComponent:63 - No mode defined for component null
2025-10-07 00:59:35,132 [WARN] ModelIntegratedComponent:63 - No mode defined for component null
2025-10-07 00:59:35,132 [WARN] ModelIntegratedComponent:63 - No mode defined for component null
2025-10-07 00:59:35,132 [WARN] ModelIntegratedComponent:63 - No mode defined for component null
2025-10-07 00:59:35,132 [WARN] ModelIntegratedComponent:63 - No mode defined for component null
2025-10-07 00:59:35,132 [WARN] ModelIntegratedComponent:63 - No mode defined for component null
2025-10-07 00:59:35,132 [WARN] ModelIntegratedComponent:63 - No mode defined for component null
2025-10-07 00:59:35,132 [WARN] ModelIntegratedComponent:63 - No mode defined for component null
2025-10-07 00:59:35,132 [WARN] ModelIntegratedComponent:63 - No mode defined for component null
2025-10-07 00:59:35,133 [WARN] ModelIntegratedComponent:63 - No mode defined for component null
2025-10-07 00:59:35,133 [WARN] ModelIntegratedComponent:63 - No mode defined for component null
2025-10-07 00:59:35,133 [WARN] ModelIntegratedComponent:63 - No mode defined for component null
2025-10-07 00:59:35,133 [WARN] ModelIntegratedComponent:63 - No mode defined for component null
2025-10-07 00:59:35,133 [WARN] ModelIntegratedComponent:63 - No mode defined for component null
2025-10-07 00:59:35,133 [WARN] ModelIntegratedComponent:63 - No mode defined for component null
2025-10-07 00:59:35,133 [WARN] ModelIntegratedComponent:63 - No mode defined for component null
2025-10-07 00:59:35,133 [WARN] ModelIntegratedComponent:63 - No mode defined for component null
2025-10-07 00:59:35,133 [WARN] ModelIntegratedComponent:63 - No mode defined for component null
2025-10-07 00:59:35,134 [WARN] ModelIntegratedComponent:63 - No mode defined for component null
2025-10-07 00:59:35,134 [WARN] ModelIntegratedComponent:63 - No mode defined for component null
2025-10-07 00:59:35,134 [WARN] ModelIntegratedComponent:63 - No mode defined for component null
2025-10-07 00:59:35,134 [WARN] ModelPack:524 - Component already loaded: STMicroelectronics:HAL Drivers:0.0.0:STMicroelectronics:Device:STMicro_Driver:XSPI:HAL::0.0.1:HAL_XSPI
2025-10-07 00:59:35,382 [INFO] ThirdPartyModel:298 - Start build external matchings
2025-10-07 00:59:36,407 [INFO] ThirdPartyModel:316 - End build external matchings
2025-10-07 00:59:36,460 [INFO] ImportTextPane:234 - (OptionalMessage_ERROR) IP (RCC) : Invalid parameter (FamilyName)
2025-10-07 00:59:36,460 [INFO] ImportTextPane:234 - (OptionalMessage_ERROR) IP (RCC) : Parameter (LCDTFToutputFreq_Value) has invalid value (96000000)
2025-10-07 00:59:36,461 [INFO] ImportTextPane:234 - (OptionalMessage_ERROR) IP (RCC) : Parameter (RNGFreq_Value) has invalid value (216000000)
2025-10-07 00:59:36,461 [INFO] ImportTextPane:234 - (OptionalMessage_ERROR) IP (RCC) : Parameter (SDMMCFreq_Value) has invalid value (216000000)
2025-10-07 00:59:36,462 [INFO] ImportTextPane:234 - (OptionalMessage_ERROR) IP (RCC) : Parameter (USBFreq_Value) has invalid value (216000000)
2025-10-07 00:59:36,986 [INFO] UtilMem:75 - End LoadConfig() Used Memory: 915848232 Bytes (1073741824)
2025-10-07 00:59:37,069 [WARN] ThirdParty:833 - waiting for thirdparty lock release [change project]
2025-10-07 00:59:37,070 [INFO] ThirdParty:835 - entering critical section [change project]
2025-10-07 00:59:37,070 [INFO] ThirdParty:1030 - CMSIS Pack Vendor :STMicroelectronics X-CUBE-PM33A1 1.0.0
2025-10-07 00:59:37,070 [INFO] ThirdParty:1030 - CMSIS Pack Vendor :STMicroelectronics USBPD 4.1
2025-10-07 00:59:37,071 [INFO] ThirdParty:1030 - CMSIS Pack Vendor :STMicroelectronics X-CUBE-NFC9 1.0.0
2025-10-07 00:59:37,071 [INFO] ThirdParty:1030 - CMSIS Pack Vendor :STMicroelectronics USB_HOST 2.0.0
2025-10-07 00:59:37,071 [INFO] ThirdParty:1030 - CMSIS Pack Vendor :STMicroelectronics FP-SNS-MOTENVWB1 1.4.0
2025-10-07 00:59:37,071 [INFO] ThirdParty:1030 - CMSIS Pack Vendor :STMicroelectronics X-CUBE-AZRTOS-F4 1.1.0
2025-10-07 00:59:37,071 [INFO] ThirdParty:1030 - CMSIS Pack Vendor :STMicroelectronics LIBJPEG 8.0.0
2025-10-07 00:59:37,071 [INFO] ThirdParty:1030 - CMSIS Pack Vendor :STMicroelectronics FP-ATR-ASTRA1 2.0.2
2025-10-07 00:59:37,072 [INFO] ThirdParty:1030 - CMSIS Pack Vendor :wolfSSL I-CUBE-wolfSSL 5.8.2
2025-10-07 00:59:37,072 [INFO] ThirdParty:1030 - CMSIS Pack Vendor :STMicroelectronics X-CUBE-BLE1 7.1.0
2025-10-07 00:59:37,072 [INFO] ThirdParty:1030 - CMSIS Pack Vendor :Avnet-IotConnect X-CUBE-IoTC-DA16k-PMOD 1.0.0
2025-10-07 00:59:37,073 [INFO] ThirdParty:1030 - CMSIS Pack Vendor :STMicroelectronics X-CUBE-SMBUS 2.1.0
2025-10-07 00:59:37,073 [INFO] ThirdParty:1030 - CMSIS Pack Vendor :wolfSSL I-CUBE-wolfMQTT 1.19.2
2025-10-07 00:59:37,073 [INFO] ThirdParty:1030 - CMSIS Pack Vendor :STMicroelectronics USB_DEVICE 3.0.0
2025-10-07 00:59:37,073 [INFO] ThirdParty:1030 - CMSIS Pack Vendor :STMicroelectronics X-CUBE-ISPU 2.1.0
2025-10-07 00:59:37,073 [INFO] ThirdParty:1030 - CMSIS Pack Vendor :STMicroelectronics X-CUBE-EEPRMA1 5.2.0
2025-10-07 00:59:37,073 [INFO] ThirdParty:1030 - CMSIS Pack Vendor :STMicroelectronics X-CUBE-BLEMGR 4.1.0
2025-10-07 00:59:37,073 [INFO] ThirdParty:1030 - CMSIS Pack Vendor :STMicroelectronics X-CUBE-AZRTOS-WB 2.0.0
2025-10-07 00:59:37,074 [INFO] ThirdParty:1030 - CMSIS Pack Vendor :STMicroelectronics X-CUBE-ST60 1.0.0
2025-10-07 00:59:37,074 [INFO] ThirdParty:1030 - CMSIS Pack Vendor :STMicroelectronics X-CUBE-GNSS1 7.0.1
2025-10-07 00:59:37,074 [INFO] ThirdParty:1030 - CMSIS Pack Vendor :STMicroelectronics X-CUBE-NFC12 1.0.0
2025-10-07 00:59:37,074 [INFO] ThirdParty:1030 - CMSIS Pack Vendor :STMicroelectronics X-CUBE-AZRTOS-F7 1.1.0
2025-10-07 00:59:37,074 [INFO] ThirdParty:1030 - CMSIS Pack Vendor :STMicroelectronics X-CUBE-AZRTOS-L5 2.0.0
2025-10-07 00:59:37,074 [INFO] ThirdParty:1030 - CMSIS Pack Vendor :STMicroelectronics X-CUBE-TOUCHGFX 4.25.0
2025-10-07 00:59:37,074 [INFO] ThirdParty:1030 - CMSIS Pack Vendor :STMicroelectronics USB_DEVICE 2.0.0
2025-10-07 00:59:37,074 [INFO] ThirdParty:1030 - CMSIS Pack Vendor :STMicroelectronics X-CUBE-NFC6 3.1.0
2025-10-07 00:59:37,074 [INFO] ThirdParty:1030 - CMSIS Pack Vendor :Cesanta I-CUBE-Mongoose 7.19.0
2025-10-07 00:59:37,074 [INFO] ThirdParty:1030 - CMSIS Pack Vendor :quantropi X-CUBE-qispace-sdk-base 2.1.0
2025-10-07 00:59:37,074 [INFO] ThirdParty:1030 - CMSIS Pack Vendor :STMicroelectronics FreeRTOS 0.0.1
2025-10-07 00:59:37,075 [INFO] ThirdParty:1030 - CMSIS Pack Vendor :STMicroelectronics X-CUBE-AZRTOS-G0 1.1.0
2025-10-07 00:59:37,075 [INFO] ThirdParty:1030 - CMSIS Pack Vendor :STMicroelectronics X-CUBE-SAFEA1 1.2.2
2025-10-07 00:59:37,075 [INFO] ThirdParty:1030 - CMSIS Pack Vendor :STMicroelectronics X-CUBE-NFC4 3.0.0
2025-10-07 00:59:37,075 [INFO] ThirdParty:1030 - CMSIS Pack Vendor :STMicroelectronics X-CUBE-SUBG2 5.0.0
2025-10-07 00:59:37,075 [INFO] ThirdParty:1030 - CMSIS Pack Vendor :STMicroelectronics X-CUBE-AZRTOS-H7RS 1.1.0
2025-10-07 00:59:37,075 [INFO] ThirdParty:1030 - CMSIS Pack Vendor :STMicroelectronics STM32_WPAN 1.0.0
2025-10-07 00:59:37,075 [INFO] ThirdParty:1030 - CMSIS Pack Vendor :EmbeddedOffice I-CUBE-FS-RTOS 1.0.1
2025-10-07 00:59:37,075 [INFO] ThirdParty:1030 - CMSIS Pack Vendor :STMicroelectronics lwIP 2.0.3
2025-10-07 00:59:37,075 [INFO] ThirdParty:1030 - CMSIS Pack Vendor :WES I-CUBE-Cesium 1.4.0
2025-10-07 00:59:37,076 [INFO] ThirdParty:1030 - CMSIS Pack Vendor :STMicroelectronics USB_HOST 1.0.0
2025-10-07 00:59:37,076 [INFO] ThirdParty:1030 - CMSIS Pack Vendor :Infineon AIROC-Wi-Fi-Bluetooth-STM32 1.7.1
2025-10-07 00:59:37,076 [INFO] ThirdParty:1030 - CMSIS Pack Vendor :STMicroelectronics X-CUBE-AZRTOS-G4 2.0.0
2025-10-07 00:59:37,076 [INFO] ThirdParty:1030 - CMSIS Pack Vendor :STMicroelectronics X-CUBE-WB05N 2.0.0
2025-10-07 00:59:37,076 [INFO] ThirdParty:1030 - CMSIS Pack Vendor :STMicroelectronics PDM2PCM 3.1.0
2025-10-07 00:59:37,077 [INFO] ThirdParty:1030 - CMSIS Pack Vendor :STMicroelectronics PDM2PCM 3.3.0
2025-10-07 00:59:37,077 [INFO] ThirdParty:1030 - CMSIS Pack Vendor :wolfSSL I-CUBE-wolfTPM 3.8.0
2025-10-07 00:59:37,077 [INFO] ThirdParty:1030 - CMSIS Pack Vendor :STMicroelectronics X-CUBE-AZRTOS-H7 3.4.0
2025-10-07 00:59:37,077 [INFO] ThirdParty:1030 - CMSIS Pack Vendor :STMicroelectronics X-CUBE-DISPLAY 3.0.0
2025-10-07 00:59:37,077 [INFO] ThirdParty:1030 - CMSIS Pack Vendor :wolfSSL I-CUBE-wolfSSH 1.4.20
2025-10-07 00:59:37,077 [INFO] ThirdParty:1030 - CMSIS Pack Vendor :STMicroelectronics X-CUBE-NFC7 2.0.0
2025-10-07 00:59:37,077 [INFO] ThirdParty:1030 - CMSIS Pack Vendor :STMicroelectronics X-CUBE-TCPP 4.2.0
2025-10-07 00:59:37,077 [INFO] ThirdParty:1030 - CMSIS Pack Vendor :RealThread X-CUBE-RT-Thread_Nano 4.1.1
2025-10-07 00:59:37,077 [INFO] ThirdParty:1030 - CMSIS Pack Vendor :STMicroelectronics FP-ATR-SIGFOX1 3.2.0
2025-10-07 00:59:37,077 [INFO] ThirdParty:1030 - CMSIS Pack Vendor :STMicroelectronics X-CUBE-NFC10 1.0.0
2025-10-07 00:59:37,077 [INFO] ThirdParty:1030 - CMSIS Pack Vendor :STMicroelectronics X-CUBE-FREERTOS 1.3.1
2025-10-07 00:59:37,077 [INFO] ThirdParty:1030 - CMSIS Pack Vendor :STMicroelectronics HAL Drivers 0.0.0
2025-10-07 00:59:37,077 [INFO] ThirdParty:1030 - CMSIS Pack Vendor :STMicroelectronics MBEDTLS 2.16.2
2025-10-07 00:59:37,077 [INFO] ThirdParty:1030 - CMSIS Pack Vendor :STMicroelectronics X-CUBE-IPS 3.1.0
2025-10-07 00:59:37,077 [INFO] ThirdParty:1030 - CMSIS Pack Vendor :STMicroelectronics X-CUBE-ALS 1.0.2
2025-10-07 00:59:37,077 [INFO] ThirdParty:1030 - CMSIS Pack Vendor :emotas I-CUBE-CANOPEN 1.3.0
2025-10-07 00:59:37,077 [INFO] ThirdParty:1030 - CMSIS Pack Vendor :STMicroelectronics MBEDTLS 2.14.1
2025-10-07 00:59:37,077 [INFO] ThirdParty:1030 - CMSIS Pack Vendor :ITTIA_DB I-CUBE-ITTIADB 8.9.0
2025-10-07 00:59:37,077 [INFO] ThirdParty:1030 - CMSIS Pack Vendor :STMicroelectronics X-CUBE-STSE01 1.0.0
2025-10-07 00:59:37,077 [INFO] ThirdParty:1030 - CMSIS Pack Vendor :STMicroelectronics X-CUBE-ST67W61 1.0.0
2025-10-07 00:59:37,077 [INFO] ThirdParty:1030 - CMSIS Pack Vendor :STMicroelectronics FP-SNS-STBOX1 2.1.0
2025-10-07 00:59:37,078 [INFO] ThirdParty:1030 - CMSIS Pack Vendor :STMicroelectronics X-CUBE-AI 10.2.0
2025-10-07 00:59:37,078 [INFO] ThirdParty:1030 - CMSIS Pack Vendor :STMicroelectronics FP-SNS-STAIOTCFT 1.0.0
2025-10-07 00:59:37,078 [INFO] ThirdParty:1030 - CMSIS Pack Vendor :STMicroelectronics ThreadX 1.0.0
2025-10-07 00:59:37,078 [INFO] ThirdParty:1030 - CMSIS Pack Vendor :STMicroelectronics FP-SNS-SMARTAG2 1.2.0
2025-10-07 00:59:37,078 [INFO] ThirdParty:1030 - CMSIS Pack Vendor :STMicroelectronics FP-SNS-FLIGHT1 5.1.0
2025-10-07 00:59:37,078 [INFO] ThirdParty:1030 - CMSIS Pack Vendor :STMicroelectronics X-CUBE-AZRTOS-WL 2.0.0
2025-10-07 00:59:37,078 [INFO] ThirdParty:1030 - CMSIS Pack Vendor :SEGGER I-CUBE-embOS 1.3.1
2025-10-07 00:59:37,078 [INFO] ThirdParty:1030 - CMSIS Pack Vendor :STMicroelectronics X-CUBE-ALGOBUILD 1.4.0
2025-10-07 00:59:37,078 [INFO] ThirdParty:1030 - CMSIS Pack Vendor :STMicroelectronics X-CUBE-DPower 1.3.0
2025-10-07 00:59:37,079 [INFO] ThirdParty:1030 - CMSIS Pack Vendor :STMicroelectronics X-CUBE-MEMS1 11.3.0
2025-10-07 00:59:37,079 [INFO] ThirdParty:1030 - CMSIS Pack Vendor :STMicroelectronics FP-SNS-MOTENV1 5.0.0
2025-10-07 00:59:37,079 [INFO] ThirdParty:1030 - CMSIS Pack Vendor :STMicroelectronics USB_DEVICE 1.0.0
2025-10-07 00:59:37,079 [INFO] ThirdParty:1030 - CMSIS Pack Vendor :STMicroelectronics X-CUBE-AZRTOS-L4 2.0.0
2025-10-07 00:59:37,079 [INFO] ThirdParty:1030 - CMSIS Pack Vendor :STMicroelectronics ThreadX 0.0.2
2025-10-07 00:59:37,079 [INFO] ThirdParty:1030 - CMSIS Pack Vendor :STMicroelectronics lwIP 2.1.2
2025-10-07 00:59:37,079 [INFO] ThirdParty:1030 - CMSIS Pack Vendor :STMicroelectronics X-CUBE-SFXS2LP1 4.0.0
2025-10-07 00:59:37,079 [INFO] ThirdParty:1030 - CMSIS Pack Vendor :STMicroelectronics X-CUBE-BLE2 3.3.0
2025-10-07 00:59:37,079 [INFO] ThirdParty:1030 - CMSIS Pack Vendor :STMicroelectronics X-CUBE-TOF1 3.4.3
2025-10-07 00:59:37,079 [INFO] ThirdParty:1030 - CMSIS Pack Vendor :STMicroelectronics PDM2PCM 3.2.0
2025-10-07 00:59:37,079 [INFO] ThirdParty:841 - exiting critical section [change project]
2025-10-07 00:59:37,713 [INFO] PinOutPanel:1589 - setPackage(No Configuration,No Configuration)
2025-10-07 00:59:37,716 [INFO] PinOutPanel:1589 - setPackage(STM32F746ZGTx,LQFP144)
2025-10-07 00:59:38,511 [INFO] UtilMem:75 - Before build in PCC Used Memory: 907269616 Bytes (1073741824)
2025-10-07 00:59:38,854 [INFO] UtilMem:75 - After build in PCC Used Memory: 957101824 Bytes (1073741824)
2025-10-07 00:59:38,892 [INFO] IPUIPlugin:80 - create IPUIPlugin
2025-10-07 00:59:38,892 [INFO] IPUIPlugin:80 - create IPUIPlugin
2025-10-07 00:59:38,892 [INFO] IPUIPlugin:80 - create IPUIPlugin
2025-10-07 00:59:38,893 [INFO] IPUIPlugin:80 - create IPUIPlugin
2025-10-07 00:59:38,893 [INFO] IPUIPlugin:80 - create IPUIPlugin
2025-10-07 00:59:38,893 [INFO] IPUIPlugin:80 - create IPUIPlugin
2025-10-07 00:59:38,893 [INFO] IPUIPlugin:80 - create IPUIPlugin
2025-10-07 00:59:38,893 [INFO] IPUIPlugin:80 - create IPUIPlugin
2025-10-07 00:59:38,893 [INFO] IPUIPlugin:80 - create IPUIPlugin
2025-10-07 00:59:38,893 [INFO] IPUIPlugin:80 - create IPUIPlugin
2025-10-07 00:59:38,894 [INFO] IPUIPlugin:80 - create IPUIPlugin
2025-10-07 00:59:38,894 [INFO] IPUIPlugin:80 - create IPUIPlugin
2025-10-07 00:59:38,894 [INFO] IPUIPlugin:80 - create IPUIPlugin
2025-10-07 00:59:38,894 [INFO] IPUIPlugin:80 - create IPUIPlugin
2025-10-07 00:59:38,895 [INFO] IPUIPlugin:80 - create IPUIPlugin
2025-10-07 00:59:38,895 [INFO] IPUIPlugin:80 - create IPUIPlugin
2025-10-07 00:59:38,895 [INFO] IPUIPlugin:80 - create IPUIPlugin
2025-10-07 00:59:38,895 [INFO] IPUIPlugin:80 - create IPUIPlugin
2025-10-07 00:59:38,895 [INFO] IPUIPlugin:80 - create IPUIPlugin
2025-10-07 00:59:38,895 [INFO] IPUIPlugin:80 - create IPUIPlugin
2025-10-07 00:59:38,895 [INFO] IPUIPlugin:80 - create IPUIPlugin
2025-10-07 00:59:38,896 [INFO] IPUIPlugin:80 - create IPUIPlugin
2025-10-07 00:59:38,896 [INFO] IPUIPlugin:80 - create IPUIPlugin
2025-10-07 00:59:38,896 [INFO] IPUIPlugin:80 - create IPUIPlugin
2025-10-07 00:59:38,896 [INFO] IPUIPlugin:80 - create IPUIPlugin
2025-10-07 00:59:38,897 [INFO] IPUIPlugin:80 - create IPUIPlugin
2025-10-07 00:59:38,897 [INFO] IPUIPlugin:80 - create IPUIPlugin
2025-10-07 00:59:38,897 [INFO] IPUIPlugin:80 - create IPUIPlugin
2025-10-07 00:59:38,897 [INFO] IPUIPlugin:80 - create IPUIPlugin
2025-10-07 00:59:38,898 [INFO] IPUIPlugin:80 - create IPUIPlugin
2025-10-07 00:59:38,898 [INFO] IPUIPlugin:80 - create IPUIPlugin
2025-10-07 00:59:38,898 [INFO] IPUIPlugin:80 - create IPUIPlugin
2025-10-07 00:59:38,898 [INFO] IPUIPlugin:80 - create IPUIPlugin
2025-10-07 00:59:38,898 [INFO] IPUIPlugin:80 - create IPUIPlugin
2025-10-07 00:59:38,899 [INFO] IPUIPlugin:80 - create IPUIPlugin
2025-10-07 00:59:38,899 [INFO] IPUIPlugin:80 - create IPUIPlugin
2025-10-07 00:59:38,899 [INFO] IPUIPlugin:80 - create IPUIPlugin
2025-10-07 00:59:38,899 [INFO] IPUIPlugin:80 - create IPUIPlugin
2025-10-07 00:59:38,899 [INFO] IPUIPlugin:80 - create IPUIPlugin
2025-10-07 00:59:38,900 [INFO] IPUIPlugin:80 - create IPUIPlugin
2025-10-07 00:59:38,900 [INFO] IPUIPlugin:80 - create IPUIPlugin
2025-10-07 00:59:38,900 [INFO] IPUIPlugin:80 - create IPUIPlugin
2025-10-07 00:59:38,901 [INFO] IPUIPlugin:80 - create IPUIPlugin
2025-10-07 00:59:38,901 [INFO] IPUIPlugin:80 - create IPUIPlugin
2025-10-07 00:59:38,901 [INFO] IPUIPlugin:80 - create IPUIPlugin
2025-10-07 00:59:38,901 [INFO] IPUIPlugin:80 - create IPUIPlugin
2025-10-07 00:59:38,901 [INFO] IPUIPlugin:80 - create IPUIPlugin
2025-10-07 00:59:38,902 [INFO] IPUIPlugin:80 - create IPUIPlugin
2025-10-07 00:59:38,902 [INFO] IPUIPlugin:80 - create IPUIPlugin
2025-10-07 00:59:38,902 [INFO] IPUIPlugin:80 - create IPUIPlugin
2025-10-07 00:59:38,902 [INFO] IPUIPlugin:80 - create IPUIPlugin
2025-10-07 00:59:38,903 [INFO] IPUIPlugin:80 - create IPUIPlugin
2025-10-07 00:59:38,903 [INFO] IPUIPlugin:80 - create IPUIPlugin
2025-10-07 00:59:38,903 [INFO] IPUIPlugin:80 - create IPUIPlugin
2025-10-07 00:59:38,903 [INFO] IPUIPlugin:80 - create IPUIPlugin
2025-10-07 00:59:38,904 [INFO] IPUIPlugin:80 - create IPUIPlugin
2025-10-07 00:59:38,904 [INFO] IPUIPlugin:80 - create IPUIPlugin
2025-10-07 00:59:38,905 [INFO] IPUIPlugin:80 - create IPUIPlugin
2025-10-07 00:59:38,905 [INFO] IPUIPlugin:80 - create IPUIPlugin
2025-10-07 00:59:38,905 [INFO] IPUIPlugin:80 - create IPUIPlugin
2025-10-07 00:59:38,906 [INFO] IPUIPlugin:80 - create IPUIPlugin
2025-10-07 00:59:38,906 [INFO] IPUIPlugin:80 - create IPUIPlugin
2025-10-07 00:59:38,907 [INFO] IPUIPlugin:80 - create IPUIPlugin
2025-10-07 00:59:38,907 [INFO] IPUIPlugin:80 - create IPUIPlugin
2025-10-07 00:59:38,908 [INFO] IPUIPlugin:80 - create IPUIPlugin
2025-10-07 00:59:38,909 [INFO] IPUIPlugin:80 - create IPUIPlugin
2025-10-07 00:59:38,909 [INFO] IPUIPlugin:80 - create IPUIPlugin
2025-10-07 00:59:38,910 [INFO] IPUIPlugin:80 - create IPUIPlugin
2025-10-07 00:59:38,911 [INFO] IPUIPlugin:80 - create IPUIPlugin
2025-10-07 00:59:38,911 [INFO] IPUIPlugin:80 - create IPUIPlugin
2025-10-07 00:59:38,912 [INFO] IPUIPlugin:80 - create IPUIPlugin
2025-10-07 00:59:38,913 [INFO] IPUIPlugin:80 - create IPUIPlugin
2025-10-07 00:59:38,913 [INFO] IPUIPlugin:80 - create IPUIPlugin
2025-10-07 00:59:38,914 [INFO] IPUIPlugin:80 - create IPUIPlugin
2025-10-07 00:59:38,921 [INFO] ApiDbMcu:532 - Load IP Config File for PDM2PCM
2025-10-07 00:59:39,069 [INFO] CADModel:165 - CPN selected for project levelSTM32F746ZGT6
2025-10-07 00:59:39,069 [INFO] CADModel:114 - Register for checkConnection events
2025-10-07 00:59:39,149 [INFO] OpenFileManager:386 - Restore cursor
2025-10-07 01:01:25,711 [INFO] Gpio:278 - dependency for GPIO [RCC, SYS, UART4, USART1, USART2]
2025-10-07 01:03:06,504 [INFO] UtilMem:75 - End SaveConfig() Used Memory: 884013120 Bytes (1073741824)
2025-10-07 01:03:08,033 [INFO] UtilMem:75 - End SaveConfig() Used Memory: 917998656 Bytes (1073741824)
2025-10-07 01:03:09,167 [INFO] UtilMem:75 - End SaveConfig() Used Memory: 1006170176 Bytes (1073741824)
2025-10-07 01:03:10,003 [INFO] BlockDiagram:2775 - set Specific Code input for plugin: SYS
2025-10-07 01:03:10,003 [INFO] BlockDiagram:2775 - set Specific Code input for plugin: RCC
2025-10-07 01:03:10,003 [INFO] BlockDiagram:2775 - set Specific Code input for plugin: NVIC
2025-10-07 01:03:10,003 [INFO] BlockDiagram:2775 - set Specific Code input for plugin: USART
2025-10-07 01:03:10,003 [INFO] BlockDiagram:2775 - set Specific Code input for plugin: USART
2025-10-07 01:03:10,003 [INFO] BlockDiagram:2775 - set Specific Code input for plugin: CORTEX_M7
2025-10-07 01:03:10,003 [INFO] BlockDiagram:2775 - set Specific Code input for plugin: UART
2025-10-07 01:03:10,004 [INFO] BlockDiagram:2775 - set Specific Code input for plugin: GPIO
2025-10-07 01:03:10,005 [INFO] CodeGenerator:892 - code generatio: config db path: C:\ST\STM32CubeIDE_1.19.0\STM32CubeIDE\plugins\com.st.stm32cube.common.mx_6.15.0.202507011659\\db\
2025-10-07 01:03:10,313 [INFO] CodeEngine:265 - oldGeneratedFile, C:\Projects\Kumwell\M_Field_Detector\stm32_ws\m_field_stm32\MXTmpFiles\license.tmp_save
2025-10-07 01:03:10,704 [INFO] CodeEngine:289 - Generated code: C:\Projects\Kumwell\M_Field_Detector\stm32_ws\m_field_stm32\MXTmpFiles\license.tmp
2025-10-07 01:03:10,911 [INFO] CodeEngine:265 - oldGeneratedFile, C:\Projects\Kumwell\M_Field_Detector\stm32_ws\m_field_stm32\MXTmpFiles\gpio.tmp_save
2025-10-07 01:03:11,124 [INFO] CodeEngine:289 - Generated code: C:\Projects\Kumwell\M_Field_Detector\stm32_ws\m_field_stm32\MXTmpFiles\gpio.tmp
2025-10-07 01:03:11,602 [INFO] CodeEngine:265 - oldGeneratedFile, C:\Projects\Kumwell\M_Field_Detector\stm32_ws\m_field_stm32\MXTmpFiles\cortex.tmp_save
2025-10-07 01:03:11,728 [INFO] CodeEngine:289 - Generated code: C:\Projects\Kumwell\M_Field_Detector\stm32_ws\m_field_stm32\MXTmpFiles\cortex.tmp
2025-10-07 01:03:11,751 [INFO] CodeEngine:265 - oldGeneratedFile, C:\Projects\Kumwell\M_Field_Detector\stm32_ws\m_field_stm32\Core\Src\stm32f7xx_it.c_save
2025-10-07 01:03:12,083 [INFO] CodeEngine:289 - Generated code: C:\Projects\Kumwell\M_Field_Detector\stm32_ws\m_field_stm32\Core\Src\stm32f7xx_it.c
2025-10-07 01:03:12,092 [INFO] CodeEngine:265 - oldGeneratedFile, C:\Projects\Kumwell\M_Field_Detector\stm32_ws\m_field_stm32\Core\Inc\stm32f7xx_it.h_save
2025-10-07 01:03:12,207 [INFO] CodeEngine:289 - Generated code: C:\Projects\Kumwell\M_Field_Detector\stm32_ws\m_field_stm32\Core\Inc\stm32f7xx_it.h
2025-10-07 01:03:12,230 [INFO] CodeEngine:265 - oldGeneratedFile, C:\Projects\Kumwell\M_Field_Detector\stm32_ws\m_field_stm32\Core\Src\stm32f7xx_hal_msp.c_save
2025-10-07 01:03:12,428 [INFO] CodeEngine:289 - Generated code: C:\Projects\Kumwell\M_Field_Detector\stm32_ws\m_field_stm32\Core\Src\stm32f7xx_hal_msp.c
2025-10-07 01:03:12,437 [INFO] CodeEngine:265 - oldGeneratedFile, C:\Projects\Kumwell\M_Field_Detector\stm32_ws\m_field_stm32\MXTmpFiles\system.tmp_save
2025-10-07 01:03:12,583 [INFO] CodeEngine:289 - Generated code: C:\Projects\Kumwell\M_Field_Detector\stm32_ws\m_field_stm32\MXTmpFiles\system.tmp
2025-10-07 01:03:12,603 [INFO] CodeEngine:321 - oldGeneratedFile, C:\Projects\Kumwell\M_Field_Detector\stm32_ws\m_field_stm32\Core\Inc\stm32f7xx_hal_conf.h_save
2025-10-07 01:03:12,756 [INFO] CodeEngine:345 - Generated code: C:\Projects\Kumwell\M_Field_Detector\stm32_ws\m_field_stm32\Core\Inc\stm32f7xx_hal_conf.h
2025-10-07 01:03:12,827 [INFO] ApiDbMcu:532 - Load IP Config File for UART4
2025-10-07 01:03:12,840 [INFO] ApiDbMcu:532 - Load IP Config File for USART1
2025-10-07 01:03:12,852 [INFO] ApiDbMcu:532 - Load IP Config File for USART2
2025-10-07 01:03:12,860 [INFO] ApiDbMcu:532 - Load IP Config File for RCC
2025-10-07 01:03:12,877 [INFO] CodeEngine:265 - oldGeneratedFile, C:\Projects\Kumwell\M_Field_Detector\stm32_ws\m_field_stm32\Core\Inc\main.h_save
2025-10-07 01:03:13,081 [INFO] CodeEngine:289 - Generated code: C:\Projects\Kumwell\M_Field_Detector\stm32_ws\m_field_stm32\Core\Inc\main.h
2025-10-07 01:03:13,092 [INFO] CodeEngine:265 - oldGeneratedFile, C:\Projects\Kumwell\M_Field_Detector\stm32_ws\m_field_stm32\Core\Src\main.c_save
2025-10-07 01:03:13,327 [INFO] CodeEngine:289 - Generated code: C:\Projects\Kumwell\M_Field_Detector\stm32_ws\m_field_stm32\Core\Src\main.c
2025-10-07 01:03:13,936 [INFO] ProjectBuilder:3606 - Time for Copy HAL[1] : 215mS.
2025-10-07 01:03:13,940 [INFO] ProjectBuilder:5216 - Project Generator version: 4.7.0-B52
2025-10-07 01:03:14,048 [INFO] ConfigFileManager:1595 - The Die is : DIE449
2025-10-07 01:03:14,055 [INFO] ApiDbMcu:532 - Load IP Config File for FATFS
2025-10-07 01:03:14,062 [INFO] ApiDbMcu:532 - Load IP Config File for FREERTOS
2025-10-07 01:03:14,067 [INFO] ApiDbMcu:532 - Load IP Config File for LIBJPEG
2025-10-07 01:03:14,076 [INFO] ApiDbMcu:532 - Load IP Config File for LWIP
2025-10-07 01:03:14,085 [INFO] ApiDbMcu:532 - Load IP Config File for MBEDTLS
2025-10-07 01:03:14,095 [INFO] ApiDbMcu:532 - Load IP Config File for USB_DEVICE
2025-10-07 01:03:14,102 [INFO] ApiDbMcu:532 - Load IP Config File for USB_HOST
2025-10-07 01:03:15,971 [INFO] ProjectBuilder:5496 - Time for Generating toolchain IDE Files: 2030mS.
2025-10-07 01:03:15,972 [INFO] ProjectBuilder:3463 - Time for Copy CMSIS : 1mS.
2025-10-07 01:03:15,975 [INFO] ProjectBuilder:3463 - Time for Copy CMSIS : 0mS.
