2025-10-25 16:10:03,426 [INFO] Activator:176 - 


2025-10-25 16:10:03,427 [INFO] Activator:177 - !SESSION log4j initialized
2025-10-25 16:10:06,261 [INFO] LogOutputStream:77 - [STDOUT_REDIRECT] 
2025-10-25 16:10:08,424 [INFO] ApplicationProperties:184 - Using Application install path: C:\ST\STM32CubeIDE_1.19.0\STM32CubeIDE\plugins\com.st.stm32cube.common.mx_6.15.0.202507011659
2025-10-25 16:10:08,441 [INFO] DbMcusXml:78 - Set database path to: C:\ST\STM32CubeIDE_1.19.0\STM32CubeIDE\plugins\com.st.stm32cube.common.mx_6.15.0.202507011659\\db\/mcu/
2025-10-25 16:10:08,441 [INFO] ApiDb:274 - Set plugin database path to: C:\ST\STM32CubeIDE_1.19.0\STM32CubeIDE\plugins\com.st.stm32cube.common.mx_6.15.0.202507011659\\db\/plugins/boardmanager/
2025-10-25 16:10:08,442 [WARN] ApiDb:259 - Overriding images path with different value:  => C:\ST\STM32CubeIDE_1.19.0\STM32CubeIDE\plugins\com.st.stm32cube.common.mx_6.15.0.202507011659\\db\/plugins/mcufinder/images/
2025-10-25 16:10:08,449 [INFO] ApiDb:250 - Set database path to: C:\Users\BJ\.stmcufinder\plugins\mcufinder//mcu/
2025-10-25 16:10:08,450 [INFO] DbMcusAds:125 - Set database path to: C:\Users\BJ\.stmcufinder\plugins\mcufinder//mcu/
2025-10-25 16:10:08,452 [INFO] CrossReferenceDbSqlite:203 - Set database path to: C:\Users\BJ\.stmcufinder\plugins\mcufinder//mcu/cs/
2025-10-25 16:10:08,579 [INFO] RulesReader:64 - Compatibility file has been processed (317 Rules)
2025-10-25 16:10:08,668 [INFO] DbMcusXml:78 - Set database path to: C:\ST\STM32CubeIDE_1.19.0\STM32CubeIDE\plugins\com.st.stm32cube.common.mx_6.15.0.202507011659\\db\/mcu/
2025-10-25 16:10:08,668 [INFO] ApiDb:274 - Set plugin database path to: C:\ST\STM32CubeIDE_1.19.0\STM32CubeIDE\plugins\com.st.stm32cube.common.mx_6.15.0.202507011659\\db\/plugins/boardmanager/
2025-10-25 16:10:08,668 [INFO] ApiDb:261 - Set plugin images path to: C:\ST\STM32CubeIDE_1.19.0\STM32CubeIDE\plugins\com.st.stm32cube.common.mx_6.15.0.202507011659\\db\/plugins/mcufinder/images/
2025-10-25 16:10:08,668 [WARN] DbFile:41 - Overriding database path with different value: C:\Users\BJ\.stmcufinder\plugins\mcufinder/ => C:\Users\BJ\.stmcufinder\plugins\mcufinder
2025-10-25 16:10:08,668 [INFO] ApiDb:250 - Set database path to: C:\Users\BJ\.stmcufinder\plugins\mcufinder//mcu/
2025-10-25 16:10:08,668 [WARN] DbFile:41 - Overriding database path with different value: C:\Users\BJ\.stmcufinder\plugins\mcufinder/ => C:\Users\BJ\.stmcufinder\plugins\mcufinder
2025-10-25 16:10:08,668 [INFO] DbMcusAds:125 - Set database path to: C:\Users\BJ\.stmcufinder\plugins\mcufinder//mcu/
2025-10-25 16:10:08,668 [WARN] DbFile:41 - Overriding database path with different value: C:\Users\BJ\.stmcufinder\plugins\mcufinder/ => C:\Users\BJ\.stmcufinder\plugins\mcufinder
2025-10-25 16:10:08,668 [WARN] DbFile:41 - Overriding database path with different value: C:\Users\BJ\.stmcufinder\plugins\mcufinder/ => C:\Users\BJ\.stmcufinder\plugins\mcufinder
2025-10-25 16:10:08,668 [INFO] CrossReferenceDbSqlite:203 - Set database path to: C:\Users\BJ\.stmcufinder\plugins\mcufinder//mcu/cs/
2025-10-25 16:10:08,756 [INFO] MainPanel:274 - HeapMemory: 268435456
2025-10-25 16:10:08,877 [INFO] DbMcusXml:78 - Set database path to: C:\ST\STM32CubeIDE_1.19.0\STM32CubeIDE\plugins\com.st.stm32cube.common.mx_6.15.0.202507011659\\db\/mcu/
2025-10-25 16:10:08,877 [INFO] ApiDb:274 - Set plugin database path to: C:\ST\STM32CubeIDE_1.19.0\STM32CubeIDE\plugins\com.st.stm32cube.common.mx_6.15.0.202507011659\\db\/plugins/boardmanager/
2025-10-25 16:10:08,877 [INFO] ApiDb:261 - Set plugin images path to: C:\ST\STM32CubeIDE_1.19.0\STM32CubeIDE\plugins\com.st.stm32cube.common.mx_6.15.0.202507011659\\db\/plugins/mcufinder/images/
2025-10-25 16:10:08,879 [WARN] DbFile:41 - Overriding database path with different value: C:\Users\BJ\.stmcufinder\plugins\mcufinder/ => C:\Users\BJ\.stmcufinder\plugins\mcufinder
2025-10-25 16:10:08,879 [INFO] ApiDb:250 - Set database path to: C:\Users\BJ\.stmcufinder\plugins\mcufinder//mcu/
2025-10-25 16:10:08,879 [WARN] DbFile:41 - Overriding database path with different value: C:\Users\BJ\.stmcufinder\plugins\mcufinder/ => C:\Users\BJ\.stmcufinder\plugins\mcufinder
2025-10-25 16:10:08,879 [INFO] DbMcusAds:125 - Set database path to: C:\Users\BJ\.stmcufinder\plugins\mcufinder//mcu/
2025-10-25 16:10:08,879 [WARN] DbFile:41 - Overriding database path with different value: C:\Users\BJ\.stmcufinder\plugins\mcufinder/ => C:\Users\BJ\.stmcufinder\plugins\mcufinder
2025-10-25 16:10:08,879 [WARN] DbFile:41 - Overriding database path with different value: C:\Users\BJ\.stmcufinder\plugins\mcufinder/ => C:\Users\BJ\.stmcufinder\plugins\mcufinder
2025-10-25 16:10:08,879 [INFO] CrossReferenceDbSqlite:203 - Set database path to: C:\Users\BJ\.stmcufinder\plugins\mcufinder//mcu/cs/
2025-10-25 16:10:08,895 [INFO] ApplicationProperties:184 - Using Application install path: C:\ST\STM32CubeIDE_1.19.0\STM32CubeIDE\plugins\com.st.stm32cube.common.mx_6.15.0.202507011659
2025-10-25 16:10:08,896 [INFO] PluginManage:196 - Search for loadable plugins [exclusion list=, ]
2025-10-25 16:10:08,899 [INFO] PluginManage:310 - Check plugin analytics
2025-10-25 16:10:09,131 [INFO] AnalyticsPlugin:253 - Accepted Software Licenses: 
2025-10-25 16:10:09,131 [INFO] AnalyticsPlugin:255 - Accepted CMSIS Pack Licenses: 
2025-10-25 16:10:09,131 [INFO] AnalyticsPlugin:257 - Accepted Firmware Licenses: FW.F7.1.17.0
2025-10-25 16:10:09,134 [INFO] PluginManage:359 - Loaded plugin analytics (category:tool,tabindex:-1)
2025-10-25 16:10:09,135 [INFO] PluginManage:310 - Check plugin cadmodel
2025-10-25 16:10:09,142 [INFO] CADModel:105 - Init CAD model plugin
2025-10-25 16:10:09,142 [INFO] PluginManage:359 - Loaded plugin cadmodel (category:power,tabindex:5)
2025-10-25 16:10:09,142 [INFO] PluginManage:310 - Check plugin clock
2025-10-25 16:10:09,154 [INFO] PluginManage:359 - Loaded plugin clock (category:base,tabindex:2)
2025-10-25 16:10:09,154 [INFO] PluginManage:310 - Check plugin ddr
2025-10-25 16:10:09,157 [INFO] PluginManage:359 - Loaded plugin ddr (category:tool,tabindex:6)
2025-10-25 16:10:09,158 [INFO] PluginManage:310 - Check plugin filemanager
2025-10-25 16:10:09,425 [INFO] PluginManage:359 - Loaded plugin filemanager (category:base,tabindex:10)
2025-10-25 16:10:09,425 [INFO] PluginManage:310 - Check plugin ipmanager
2025-10-25 16:10:09,436 [INFO] PluginManage:359 - Loaded plugin ipmanager (category:base,tabindex:5)
2025-10-25 16:10:09,436 [INFO] PluginManage:310 - Check plugin lpbam
2025-10-25 16:10:09,447 [INFO] PluginManage:359 - Loaded plugin lpbam (category:base,tabindex:0)
2025-10-25 16:10:09,447 [INFO] PluginManage:310 - Check plugin memorymap
2025-10-25 16:10:09,464 [INFO] PluginManage:359 - Loaded plugin memorymap (category:base,tabindex:4)
2025-10-25 16:10:09,465 [INFO] PluginManage:310 - Check plugin pinoutandconfiguration
2025-10-25 16:10:09,473 [INFO] PluginManage:359 - Loaded plugin pinoutandconfiguration (category:base,tabindex:1)
2025-10-25 16:10:09,473 [INFO] PluginManage:310 - Check plugin pinoutconfig
2025-10-25 16:10:09,561 [WARN] SupportedApi:132 - Cannot load RTOS API schema: s4s-elt-must-match.1: The content of 'definitions' must match (annotation?, (simpleType | complexType)?, (unique | key | keyref)*)). A problem was found starting at: attribute.
2025-10-25 16:10:09,691 [INFO] PluginManage:359 - Loaded plugin pinoutconfig (category:base,tabindex:0)
2025-10-25 16:10:09,691 [INFO] PluginManage:310 - Check plugin power
2025-10-25 16:10:09,700 [INFO] PluginManage:359 - Loaded plugin power (category:power,tabindex:4)
2025-10-25 16:10:09,700 [INFO] PluginManage:310 - Check plugin projectmanager
2025-10-25 16:10:09,713 [INFO] PluginManage:359 - Loaded plugin projectmanager (category:projectmanager,tabindex:4)
2025-10-25 16:10:09,713 [INFO] PluginManage:310 - Check plugin rif
2025-10-25 16:10:09,723 [INFO] PluginManage:359 - Loaded plugin rif (category:base,tabindex:3)
2025-10-25 16:10:09,723 [INFO] PluginManage:310 - Check plugin thirdparty
2025-10-25 16:10:09,844 [WARN] IntegrityCheckThread:84 - waiting for thirdparty lock release [integrity check]
2025-10-25 16:10:09,844 [INFO] PluginManage:359 - Loaded plugin thirdparty (category:base,tabindex:-1)
2025-10-25 16:10:09,844 [INFO] IntegrityCheckThread:86 - entering critical section [integrity check]
2025-10-25 16:10:09,845 [INFO] PluginManage:310 - Check plugin tools
2025-10-25 16:10:09,845 [INFO] ThirdPartyUpdaterWithRetryManager:70 - Updater plugin not ready yet. [1/15]
2025-10-25 16:10:09,847 [INFO] PluginManage:359 - Loaded plugin tools (category:base,tabindex:7)
2025-10-25 16:10:09,847 [INFO] PluginManage:310 - Check plugin tutovideos
2025-10-25 16:10:10,072 [INFO] PluginManage:359 - Loaded plugin tutovideos (category:base,tabindex:-1)
2025-10-25 16:10:10,072 [INFO] PluginManage:310 - Check plugin updater
2025-10-25 16:10:10,108 [INFO] PluginManage:359 - Loaded plugin updater (category:base,tabindex:12)
2025-10-25 16:10:10,108 [INFO] PluginManage:310 - Check plugin userauth
2025-10-25 16:10:10,113 [INFO] UserAuth:118 - Init User Auth plugin
2025-10-25 16:10:10,115 [INFO] PluginManage:359 - Loaded plugin userauth (category:base,tabindex:14)
2025-10-25 16:10:10,115 [INFO] PluginManage:283 - PluginManage : Loaded plugins [18]
2025-10-25 16:10:10,363 [INFO] PinOutPanel:1589 - setPackage(No Configuration,No Configuration)
2025-10-25 16:10:10,440 [INFO] CADModel:165 - CPN selected for project level
2025-10-25 16:10:10,440 [INFO] CADModel:114 - Register for checkConnection events
2025-10-25 16:10:10,459 [INFO] IPUIPlugin:80 - create IPUIPlugin
2025-10-25 16:10:10,460 [INFO] PluginManager:220 - loadIPPluginJar : add adc
2025-10-25 16:10:10,462 [INFO] IPUIPlugin:80 - create IPUIPlugin
2025-10-25 16:10:10,462 [INFO] PluginManager:220 - loadIPPluginJar : add aes
2025-10-25 16:10:10,465 [INFO] IPUIPlugin:80 - create IPUIPlugin
2025-10-25 16:10:10,465 [INFO] PluginManager:220 - loadIPPluginJar : add can
2025-10-25 16:10:10,467 [INFO] IPUIPlugin:80 - create IPUIPlugin
2025-10-25 16:10:10,467 [INFO] PluginManager:220 - loadIPPluginJar : add comp
2025-10-25 16:10:10,470 [INFO] IPUIPlugin:80 - create IPUIPlugin
2025-10-25 16:10:10,470 [INFO] PluginManager:220 - loadIPPluginJar : add cryp
2025-10-25 16:10:10,473 [INFO] IPUIPlugin:80 - create IPUIPlugin
2025-10-25 16:10:10,473 [INFO] PluginManager:220 - loadIPPluginJar : add ddr_ctrl_phy
2025-10-25 16:10:10,476 [INFO] IPUIPlugin:80 - create IPUIPlugin
2025-10-25 16:10:10,476 [INFO] PluginManager:220 - loadIPPluginJar : add dfsdm
2025-10-25 16:10:10,484 [INFO] IPUIPlugin:80 - create IPUIPlugin
2025-10-25 16:10:10,484 [INFO] PluginManager:220 - loadIPPluginJar : add dma
2025-10-25 16:10:10,488 [INFO] IPUIPlugin:80 - create IPUIPlugin
2025-10-25 16:10:10,489 [INFO] PluginManager:220 - loadIPPluginJar : add dma3
2025-10-25 16:10:10,497 [INFO] IPUIPlugin:80 - create IPUIPlugin
2025-10-25 16:10:10,497 [INFO] PluginManager:220 - loadIPPluginJar : add extmemmanager
2025-10-25 16:10:10,501 [INFO] IPUIPlugin:80 - create IPUIPlugin
2025-10-25 16:10:10,501 [INFO] PluginManager:220 - loadIPPluginJar : add fatfs
2025-10-25 16:10:10,524 [INFO] IPUIPlugin:80 - create IPUIPlugin
2025-10-25 16:10:10,525 [INFO] PluginManager:220 - loadIPPluginJar : add fmc
2025-10-25 16:10:10,567 [INFO] IPUIPlugin:80 - create IPUIPlugin
2025-10-25 16:10:10,567 [INFO] PluginManager:220 - loadIPPluginJar : add freertos
2025-10-25 16:10:10,572 [INFO] IPUIPlugin:80 - create IPUIPlugin
2025-10-25 16:10:10,573 [INFO] PluginManager:220 - loadIPPluginJar : add genericplugin
2025-10-25 16:10:10,580 [INFO] IPUIPlugin:80 - create IPUIPlugin
2025-10-25 16:10:10,580 [INFO] PluginManager:220 - loadIPPluginJar : add gfxmmu
2025-10-25 16:10:10,595 [INFO] IPUIPlugin:80 - create IPUIPlugin
2025-10-25 16:10:10,595 [INFO] PluginManager:220 - loadIPPluginJar : add gic
2025-10-25 16:10:10,609 [INFO] IPUIPlugin:80 - create IPUIPlugin
2025-10-25 16:10:10,609 [INFO] PluginManager:220 - loadIPPluginJar : add gpio
2025-10-25 16:10:10,614 [INFO] IPUIPlugin:80 - create IPUIPlugin
2025-10-25 16:10:10,614 [INFO] PluginManager:220 - loadIPPluginJar : add gtzc
2025-10-25 16:10:10,619 [INFO] IPUIPlugin:80 - create IPUIPlugin
2025-10-25 16:10:10,620 [INFO] PluginManager:220 - loadIPPluginJar : add hash
2025-10-25 16:10:10,624 [INFO] IPUIPlugin:80 - create IPUIPlugin
2025-10-25 16:10:10,624 [INFO] PluginManager:220 - loadIPPluginJar : add i2c
2025-10-25 16:10:10,628 [INFO] IPUIPlugin:80 - create IPUIPlugin
2025-10-25 16:10:10,629 [INFO] PluginManager:220 - loadIPPluginJar : add i2s
2025-10-25 16:10:10,636 [INFO] IPUIPlugin:80 - create IPUIPlugin
2025-10-25 16:10:10,637 [INFO] PluginManager:220 - loadIPPluginJar : add i3c
2025-10-25 16:10:10,647 [INFO] IPUIPlugin:80 - create IPUIPlugin
2025-10-25 16:10:10,647 [INFO] PluginManager:220 - loadIPPluginJar : add ipddr
2025-10-25 16:10:10,665 [INFO] IPUIPlugin:80 - create IPUIPlugin
2025-10-25 16:10:10,665 [INFO] PluginManager:220 - loadIPPluginJar : add linkedlist
2025-10-25 16:10:10,669 [INFO] IPUIPlugin:80 - create IPUIPlugin
2025-10-25 16:10:10,669 [INFO] PluginManager:220 - loadIPPluginJar : add lorawan
2025-10-25 16:10:10,672 [INFO] IPUIPlugin:80 - create IPUIPlugin
2025-10-25 16:10:10,672 [INFO] PluginManager:220 - loadIPPluginJar : add ltdc
2025-10-25 16:10:10,682 [INFO] IPUIPlugin:80 - create IPUIPlugin
2025-10-25 16:10:10,682 [INFO] PluginManager:220 - loadIPPluginJar : add mdma
2025-10-25 16:10:10,691 [INFO] IPUIPlugin:80 - create IPUIPlugin
2025-10-25 16:10:10,691 [INFO] PluginManager:220 - loadIPPluginJar : add nvic
2025-10-25 16:10:10,696 [INFO] IPUIPlugin:80 - create IPUIPlugin
2025-10-25 16:10:10,696 [INFO] PluginManager:220 - loadIPPluginJar : add opamp
2025-10-25 16:10:10,701 [INFO] IPUIPlugin:80 - create IPUIPlugin
2025-10-25 16:10:10,702 [INFO] PluginManager:220 - loadIPPluginJar : add openamp
2025-10-25 16:10:10,706 [INFO] IPUIPlugin:80 - create IPUIPlugin
2025-10-25 16:10:10,707 [INFO] PluginManager:220 - loadIPPluginJar : add pdm2pcm
2025-10-25 16:10:10,714 [INFO] IPUIPlugin:80 - create IPUIPlugin
2025-10-25 16:10:10,718 [INFO] PluginManager:220 - loadIPPluginJar : add plateformsettings
2025-10-25 16:10:10,720 [INFO] IPUIPlugin:80 - create IPUIPlugin
2025-10-25 16:10:10,721 [INFO] PluginManager:220 - loadIPPluginJar : add quadspi
2025-10-25 16:10:10,723 [INFO] IPUIPlugin:80 - create IPUIPlugin
2025-10-25 16:10:10,724 [INFO] PluginManager:220 - loadIPPluginJar : add radio
2025-10-25 16:10:10,729 [INFO] IPUIPlugin:80 - create IPUIPlugin
2025-10-25 16:10:10,729 [INFO] PluginManager:220 - loadIPPluginJar : add resmgrutility
2025-10-25 16:10:10,732 [INFO] IPUIPlugin:80 - create IPUIPlugin
2025-10-25 16:10:10,732 [INFO] PluginManager:220 - loadIPPluginJar : add sai
2025-10-25 16:10:10,735 [INFO] IPUIPlugin:80 - create IPUIPlugin
2025-10-25 16:10:10,735 [INFO] PluginManager:220 - loadIPPluginJar : add spi
2025-10-25 16:10:10,742 [INFO] IPUIPlugin:80 - create IPUIPlugin
2025-10-25 16:10:10,742 [INFO] PluginManager:220 - loadIPPluginJar : add stm32_wpan
2025-10-25 16:10:10,745 [INFO] IPUIPlugin:80 - create IPUIPlugin
2025-10-25 16:10:10,746 [INFO] PluginManager:220 - loadIPPluginJar : add tim
2025-10-25 16:10:10,751 [INFO] IPUIPlugin:80 - create IPUIPlugin
2025-10-25 16:10:10,751 [INFO] PluginManager:220 - loadIPPluginJar : add touchsensing
2025-10-25 16:10:10,753 [INFO] IPUIPlugin:80 - create IPUIPlugin
2025-10-25 16:10:10,753 [INFO] PluginManager:220 - loadIPPluginJar : add tracer_emb
2025-10-25 16:10:10,756 [INFO] IPUIPlugin:80 - create IPUIPlugin
2025-10-25 16:10:10,756 [INFO] PluginManager:220 - loadIPPluginJar : add ts
2025-10-25 16:10:10,759 [INFO] IPUIPlugin:80 - create IPUIPlugin
2025-10-25 16:10:10,759 [INFO] PluginManager:220 - loadIPPluginJar : add tsc
2025-10-25 16:10:10,762 [INFO] IPUIPlugin:80 - create IPUIPlugin
2025-10-25 16:10:10,763 [INFO] PluginManager:220 - loadIPPluginJar : add ucpd
2025-10-25 16:10:10,767 [INFO] IPUIPlugin:80 - create IPUIPlugin
2025-10-25 16:10:10,767 [INFO] PluginManager:220 - loadIPPluginJar : add usart
2025-10-25 16:10:10,771 [INFO] IPUIPlugin:80 - create IPUIPlugin
2025-10-25 16:10:10,771 [INFO] PluginManager:220 - loadIPPluginJar : add usbx
2025-10-25 16:10:10,917 [FATAL] Updater:351 - Updater called before beeing initialized
2025-10-25 16:10:10,981 [INFO] RulesReader:64 - Compatibility file has been processed (317 Rules)
2025-10-25 16:10:10,995 [INFO] RulesReader:64 - Compatibility file has been processed (317 Rules)
2025-10-25 16:10:11,010 [INFO] CADModel:165 - CPN selected for project level
2025-10-25 16:10:11,010 [INFO] CADModel:114 - Register for checkConnection events
2025-10-25 16:10:11,010 [FATAL] Updater:351 - Updater called before beeing initialized
2025-10-25 16:10:11,010 [ERROR] CADModel:125 - Updater not yet initialized, retry later 
2025-10-25 16:10:11,234 [FATAL] Updater:351 - Updater called before beeing initialized
2025-10-25 16:10:11,236 [INFO] CADModel:165 - CPN selected for project level
2025-10-25 16:10:11,236 [INFO] CADModel:114 - Register for checkConnection events
2025-10-25 16:10:11,236 [FATAL] Updater:351 - Updater called before beeing initialized
2025-10-25 16:10:11,236 [ERROR] CADModel:125 - Updater not yet initialized, retry later 
2025-10-25 16:10:11,241 [FATAL] Updater:351 - Updater called before beeing initialized
2025-10-25 16:10:11,397 [FATAL] Updater:351 - Updater called before beeing initialized
2025-10-25 16:10:11,403 [INFO] DbMcusAds:53 - JSON generation date=Tue Jul 08 15:14:27 ICT 2025 (1751962467633)
2025-10-25 16:10:11,403 [FATAL] Updater:351 - Updater called before beeing initialized
2025-10-25 16:10:11,448 [WARN] DetailPanel:346 - Failed to get advertising image, set to default
2025-10-25 16:10:11,536 [FATAL] Updater:351 - Updater called before beeing initialized
2025-10-25 16:10:11,538 [FATAL] Updater:351 - Updater called before beeing initialized
2025-10-25 16:10:11,538 [FATAL] Updater:351 - Updater called before beeing initialized
2025-10-25 16:10:11,538 [WARN] DetailPanel:346 - Failed to get advertising image, set to default
2025-10-25 16:10:11,539 [FATAL] Updater:351 - Updater called before beeing initialized
2025-10-25 16:10:11,589 [ERROR] Updater:1198 - MainUpdater not yet initialized. External WinMGr cannot be set.
2025-10-25 16:10:11,591 [INFO] Updater:1134 - Updater Version found : 6.15.0
2025-10-25 16:10:11,606 [INFO] ApplicationProperties:184 - Using Application install path: C:\ST\STM32CubeIDE_1.19.0\STM32CubeIDE\plugins\com.st.stm32cube.common.mx_6.15.0.202507011659
2025-10-25 16:10:12,845 [INFO] ThirdPartyUpdaterWithRetryManager:70 - Updater plugin not ready yet. [2/15]
2025-10-25 16:10:13,181 [ERROR] LogOutputStream:75 - [STDERR_REDIRECT] Oct 25, 2025 4:10:13 PM java.util.prefs.WindowsPreferences <init>
2025-10-25 16:10:13,182 [ERROR] LogOutputStream:75 - [STDERR_REDIRECT] WARNING: Could not open/create prefs root node Software\JavaSoft\Prefs at root 0xffffffff80000002. Windows RegCreateKeyEx(...) returned error code 5.
2025-10-25 16:10:13,182 [ERROR] LogOutputStream:75 - [STDERR_REDIRECT] 
2025-10-25 16:10:13,481 [INFO] MainUpdater:2872 - connection check result : 10
2025-10-25 16:10:13,481 [INFO] MainUpdater:3604 - Updater definition file requires update
2025-10-25 16:10:13,482 [INFO] MainUpdater:289 - Updater Check For Update Now.
2025-10-25 16:10:13,482 [INFO] MicroXplorer:498 - Change Database Version : DB.6.0.150
2025-10-25 16:10:13,490 [INFO] McuFinderGlobals:63 - Set McuFinder mode to 2 (CubeIDE integrated)
2025-10-25 16:10:13,490 [INFO] UserAuth:171 - activating auth plugin
2025-10-25 16:10:13,492 [INFO] ServerAccessManage:452 - Complete download http(s) 200
2025-10-25 16:10:13,493 [INFO] UserAuth:487 - Internet connection configuration mode: 1
2025-10-25 16:10:13,493 [INFO] ServerAccessManage:509 - Download File updaters.zip
2025-10-25 16:10:13,515 [INFO] JxBrowserEngine:152 - Initiate JxBrowser Engine with user profile folder
2025-10-25 16:10:13,567 [INFO] FileExtend:248 - Unzip File : updaters.zip
2025-10-25 16:10:13,569 [INFO] FileExtend:263 - Standard Zip Deflate
2025-10-25 16:10:14,020 [INFO] ServerAccessManage:452 - Complete download http(s) 200
2025-10-25 16:10:14,020 [INFO] ServerAccessManage:509 - Download File PacksControlFlags.xml
2025-10-25 16:10:14,097 [INFO] ServerAccessManage:452 - Complete download http(s) 200
2025-10-25 16:10:14,099 [INFO] ServerAccessManage:509 - Download File cubemx.pidx
2025-10-25 16:10:14,233 [INFO] LoadServerUpdatesThread:375 - End of LoadServerUpdate Thread
2025-10-25 16:10:14,426 [INFO] CheckServerUpdateThread:120 - End of CheckServer Thread
2025-10-25 16:10:15,194 [INFO] WebApp:169 - Instantiating new browser for Auth
2025-10-25 16:10:16,254 [WARN] PackLoader:240 - Cannot read IP mode file for STMicroelectronics.FP-SNS-MOTENVWB1.1.4.0
2025-10-25 16:10:16,268 [WARN] PackLoader:240 - Cannot read IP mode file for STMicroelectronics.FP-ATR-ASTRA1.2.0.2
2025-10-25 16:10:16,284 [WARN] PackLoader:240 - Cannot read IP mode file for STMicroelectronics.X-CUBE-SMBUS.2.1.0
2025-10-25 16:10:16,292 [WARN] PackLoader:240 - Cannot read IP mode file for STMicroelectronics.X-CUBE-ST60.1.0.0
2025-10-25 16:10:16,382 [WARN] PackLoader:240 - Cannot read IP mode file for STMicroelectronics.X-CUBE-AZRTOS-F7.1.1.0
2025-10-25 16:10:16,399 [WARN] PackLoader:240 - Cannot read IP mode file for Cesanta.I-CUBE-Mongoose.7.19.0
2025-10-25 16:10:16,414 [WARN] PackLoader:240 - Cannot read IP mode file for WES.I-CUBE-Cesium.1.4.0
2025-10-25 16:10:16,462 [WARN] PackLoader:240 - Cannot read IP mode file for Infineon.AIROC-Wi-Fi-Bluetooth-STM32.1.7.1
2025-10-25 16:10:16,516 [WARN] PackLoader:240 - Cannot read IP mode file for STMicroelectronics.X-CUBE-AZRTOS-H7.3.4.0
2025-10-25 16:10:16,535 [WARN] PackLoader:240 - Cannot read IP mode file for STMicroelectronics.X-CUBE-DISPLAY.3.0.0
2025-10-25 16:10:16,540 [INFO] WebApp:463 - Apply proxy settings
2025-10-25 16:10:16,542 [INFO] WebApp:548 - Chromium requires no authentication
2025-10-25 16:10:16,560 [WARN] PackLoader:240 - Cannot read IP mode file for STMicroelectronics.X-CUBE-NFC10.1.0.0
2025-10-25 16:10:16,572 [WARN] PackLoader:240 - Cannot read IP mode file for emotas.I-CUBE-CANOPEN.1.3.0
2025-10-25 16:10:16,576 [INFO] WebApp:491 - Direct internet connection detected
2025-10-25 16:10:16,585 [WARN] PackLoader:240 - Cannot read IP mode file for STMicroelectronics.FP-SNS-STBOX1.2.1.0
2025-10-25 16:10:16,596 [WARN] PackLoader:240 - Cannot read IP mode file for STMicroelectronics.FP-SNS-SMARTAG2.1.2.0
2025-10-25 16:10:16,603 [WARN] PackLoader:240 - Cannot read IP mode file for STMicroelectronics.FP-SNS-FLIGHT1.5.1.0
2025-10-25 16:10:16,617 [INFO] LogOutputStream:77 - [STDOUT_REDIRECT] 1 : Invalid condition id : UX_CORESTACK_Condition cause : null
2025-10-25 16:10:16,618 [INFO] LogOutputStream:77 - [STDOUT_REDIRECT] 1 : Invalid condition id : UX_CORESTACK_Condition cause : null
2025-10-25 16:10:16,621 [INFO] LogOutputStream:77 - [STDOUT_REDIRECT] 1 : Invalid condition id : UX_CORESTACK_Condition cause : null
2025-10-25 16:10:16,623 [INFO] LogOutputStream:77 - [STDOUT_REDIRECT] 1 : Invalid condition id : UX_CORESTACK_Condition cause : null
2025-10-25 16:10:16,625 [INFO] LogOutputStream:77 - [STDOUT_REDIRECT] 1 : Invalid condition id : UX_CORESTACK_Condition cause : null
2025-10-25 16:10:16,629 [WARN] PackLoader:240 - Cannot read IP mode file for STMicroelectronics.X-CUBE-AZRTOS-WL.2.0.0
2025-10-25 16:10:16,637 [WARN] PackLoader:240 - Cannot read IP mode file for STMicroelectronics.FP-SNS-MOTENV1.5.0.0
2025-10-25 16:10:16,637 [INFO] WebApp:900 - Register for checkConnection events
2025-10-25 16:10:16,638 [INFO] WebApp:463 - Apply proxy settings
2025-10-25 16:10:16,638 [INFO] WebApp:548 - Chromium requires no authentication
2025-10-25 16:10:16,639 [INFO] WebApp:491 - Direct internet connection detected
2025-10-25 16:10:16,647 [WARN] PackLoader:240 - Cannot read IP mode file for STMicroelectronics.X-CUBE-BLE2.3.3.0
2025-10-25 16:10:16,657 [WARN] PackLoader:240 - Cannot read IP mode file for STMicroelectronics.X-CUBE-NFC9.1.0.0
2025-10-25 16:10:16,665 [WARN] PackLoader:240 - Cannot read IP mode file for wolfSSL.I-CUBE-wolfSSL.5.8.2
2025-10-25 16:10:16,671 [WARN] PackLoader:240 - Cannot read IP mode file for STMicroelectronics.X-CUBE-BLE1.7.1.0
2025-10-25 16:10:16,678 [WARN] PackLoader:240 - Cannot read IP mode file for wolfSSL.I-CUBE-wolfMQTT.1.19.2
2025-10-25 16:10:16,684 [WARN] PackLoader:240 - Cannot read IP mode file for STMicroelectronics.X-CUBE-EEPRMA1.5.2.0
2025-10-25 16:10:16,708 [WARN] PackLoader:240 - Cannot read IP mode file for STMicroelectronics.X-CUBE-AZRTOS-G0.1.1.0
2025-10-25 16:10:16,719 [WARN] PackLoader:240 - Cannot read IP mode file for STMicroelectronics.X-CUBE-SAFEA1.1.2.2
2025-10-25 16:10:16,728 [WARN] PackLoader:240 - Cannot read IP mode file for STMicroelectronics.X-CUBE-NFC4.3.0.0
2025-10-25 16:10:16,740 [WARN] PackLoader:240 - Cannot read IP mode file for EmbeddedOffice.I-CUBE-FS-RTOS.1.0.1
2025-10-25 16:10:16,748 [WARN] PackLoader:240 - Cannot read IP mode file for STMicroelectronics.X-CUBE-WB05N.2.0.0
2025-10-25 16:10:16,754 [WARN] PackLoader:240 - Cannot read IP mode file for wolfSSL.I-CUBE-wolfTPM.3.8.0
2025-10-25 16:10:16,762 [WARN] PackLoader:240 - Cannot read IP mode file for STMicroelectronics.X-CUBE-TCPP.4.2.0
2025-10-25 16:10:16,771 [WARN] PackLoader:240 - Cannot read IP mode file for RealThread.X-CUBE-RT-Thread_Nano.4.1.1
2025-10-25 16:10:16,777 [WARN] PackLoader:240 - Cannot read IP mode file for STMicroelectronics.FP-ATR-SIGFOX1.3.2.0
2025-10-25 16:10:16,787 [WARN] PackLoader:240 - Cannot read IP mode file for ITTIA_DB.I-CUBE-ITTIADB.8.9.0
2025-10-25 16:10:16,796 [WARN] PackLoader:240 - Cannot read IP mode file for STMicroelectronics.X-CUBE-ST67W61.1.0.0
2025-10-25 16:10:16,802 [WARN] PackLoader:240 - Cannot read IP mode file for STMicroelectronics.X-CUBE-AI.10.2.0
2025-10-25 16:10:16,845 [WARN] PackLoader:240 - Cannot read IP mode file for SEGGER.I-CUBE-embOS.1.3.1
2025-10-25 16:10:16,859 [INFO] WebApp:191 - Connection restablished
2025-10-25 16:10:16,918 [WARN] PackLoader:240 - Cannot read IP mode file for STMicroelectronics.X-CUBE-ALGOBUILD.1.4.0
2025-10-25 16:10:16,992 [WARN] PackLoader:240 - Cannot read IP mode file for STMicroelectronics.X-CUBE-MEMS1.11.3.0
2025-10-25 16:10:17,108 [INFO] WebApp:225 - Starting web application
2025-10-25 16:10:17,109 [INFO] WebApp:593 - Web application path used C:\ST\STM32CubeIDE_1.19.0\STM32CubeIDE\plugins\com.st.stm32cube.common.mx_6.15.0.202507011659\db\plugins\mcufinder\reactClient1\index.html
2025-10-25 16:10:17,208 [WARN] PackLoader:240 - Cannot read IP mode file for STMicroelectronics.X-CUBE-PM33A1.1.0.0
2025-10-25 16:10:17,232 [WARN] PackLoader:240 - Cannot read IP mode file for STMicroelectronics.X-CUBE-AZRTOS-F4.1.1.0
2025-10-25 16:10:17,267 [WARN] PackLoader:240 - Cannot read IP mode file for Avnet-IotConnect.X-CUBE-IoTC-DA16k-PMOD.1.0.0
2025-10-25 16:10:17,273 [WARN] PackLoader:240 - Cannot read IP mode file for STMicroelectronics.X-CUBE-ISPU.2.1.0
2025-10-25 16:10:17,282 [WARN] PackLoader:240 - Cannot read IP mode file for STMicroelectronics.X-CUBE-NFC12.1.0.0
2025-10-25 16:10:17,321 [WARN] PackLoader:240 - Cannot read IP mode file for STMicroelectronics.X-CUBE-AZRTOS-L5.2.0.0
2025-10-25 16:10:17,334 [WARN] PackLoader:240 - Cannot read IP mode file for STMicroelectronics.X-CUBE-NFC6.3.1.0
2025-10-25 16:10:17,344 [WARN] PackLoader:240 - Cannot read IP mode file for STMicroelectronics.X-CUBE-FREERTOS.1.3.1
2025-10-25 16:10:17,352 [WARN] PackLoader:240 - Cannot read IP mode file for STMicroelectronics.X-CUBE-TOUCHGFX.4.26.0
2025-10-25 16:10:17,363 [WARN] PackLoader:240 - Cannot read IP mode file for STMicroelectronics.FP-SNS-STAIOTCFT.1.0.0
2025-10-25 16:10:17,372 [WARN] PackLoader:240 - Cannot read IP mode file for STMicroelectronics.X-CUBE-DPower.1.3.0
2025-10-25 16:10:17,411 [WARN] ConditionMgr:438 - getConditionDescription Invalid condition id : LAN8742 Phy interface Condition cause : null
2025-10-25 16:10:17,412 [WARN] PackLoader:240 - Cannot read IP mode file for STMicroelectronics.X-CUBE-AZRTOS-L4.2.0.0
2025-10-25 16:10:17,414 [WARN] ConditionMgr:1044 - genDependencies : Invalid condition id : LAN8742 Phy interface Condition cause : null
2025-10-25 16:10:17,414 [WARN] ConditionMgr:1044 - genDependencies : Invalid condition id : LAN8742 Phy interface Condition cause : null
2025-10-25 16:10:17,415 [WARN] ConditionMgr:1044 - genDependencies : Invalid condition id : LAN8742 Phy interface Condition cause : null
2025-10-25 16:10:17,437 [WARN] PackLoader:240 - Cannot read IP mode file for STMicroelectronics.X-CUBE-SFXS2LP1.4.0.0
2025-10-25 16:10:17,458 [WARN] PackLoader:240 - Cannot read IP mode file for STMicroelectronics.X-CUBE-BLEMGR.4.1.0
2025-10-25 16:10:17,479 [WARN] ConditionMgr:438 - getConditionDescription Invalid condition id : UX DEVICE CLASS RTOS Condition cause : null
2025-10-25 16:10:17,479 [WARN] ConditionMgr:438 - getConditionDescription Invalid condition id : UX DEVICE CLASS RTOS Condition cause : null
2025-10-25 16:10:17,482 [WARN] PackLoader:240 - Cannot read IP mode file for STMicroelectronics.X-CUBE-AZRTOS-WB.2.0.0
2025-10-25 16:10:17,483 [WARN] ConditionMgr:1044 - genDependencies : Invalid condition id : UX DEVICE CLASS RTOS Condition cause : null
2025-10-25 16:10:17,483 [WARN] ConditionMgr:1044 - genDependencies : Invalid condition id : UX DEVICE CLASS RTOS Condition cause : null
2025-10-25 16:10:17,483 [WARN] ConditionMgr:1044 - genDependencies : Invalid condition id : UX DEVICE CLASS RTOS Condition cause : null
2025-10-25 16:10:17,484 [WARN] ConditionMgr:1044 - genDependencies : Invalid condition id : UX DEVICE CLASS RTOS Condition cause : null
2025-10-25 16:10:17,484 [WARN] ConditionMgr:1044 - genDependencies : Invalid condition id : UX DEVICE CLASS RTOS Condition cause : null
2025-10-25 16:10:17,533 [WARN] PackLoader:240 - Cannot read IP mode file for STMicroelectronics.X-CUBE-GNSS1.7.0.1
2025-10-25 16:10:17,556 [WARN] PackLoader:240 - Cannot read IP mode file for STMicroelectronics.X-CUBE-TOUCHGFX.4.25.0
2025-10-25 16:10:17,569 [WARN] ConditionMgr:438 - getConditionDescription Invalid condition id : Cortex-A Device cause : null
2025-10-25 16:10:17,588 [WARN] ConditionMgr:1044 - genDependencies : Invalid condition id : Cortex-A Device cause : null
2025-10-25 16:10:17,589 [WARN] ConditionMgr:1044 - genDependencies : Invalid condition id : Cortex-A Device cause : null
2025-10-25 16:10:17,589 [WARN] ConditionMgr:1044 - genDependencies : Invalid condition id : Cortex-A Device cause : null
2025-10-25 16:10:17,603 [WARN] PackLoader:240 - Cannot read IP mode file for STMicroelectronics.X-CUBE-SUBG2.5.0.0
2025-10-25 16:10:17,643 [WARN] PackLoader:240 - Cannot read IP mode file for STMicroelectronics.X-CUBE-AZRTOS-H7RS.1.1.0
2025-10-25 16:10:17,671 [WARN] PackLoader:240 - Cannot read IP mode file for STMicroelectronics.X-CUBE-AZRTOS-G4.2.0.0
2025-10-25 16:10:17,679 [WARN] PackLoader:240 - Cannot read IP mode file for wolfSSL.I-CUBE-wolfSSH.1.4.20
2025-10-25 16:10:17,688 [WARN] PackLoader:240 - Cannot read IP mode file for STMicroelectronics.X-CUBE-NFC7.2.0.0
2025-10-25 16:10:17,711 [WARN] PackLoader:240 - Cannot read IP mode file for STMicroelectronics.X-CUBE-IPS.3.1.0
2025-10-25 16:10:17,732 [WARN] PackLoader:240 - Cannot read IP mode file for STMicroelectronics.X-CUBE-ALS.1.0.2
2025-10-25 16:10:17,749 [WARN] PackLoader:240 - Cannot read IP mode file for STMicroelectronics.X-CUBE-STSE01.1.0.0
2025-10-25 16:10:17,768 [WARN] PackLoader:240 - Cannot read IP mode file for STMicroelectronics.X-CUBE-TOF1.3.4.3
2025-10-25 16:10:17,787 [INFO] ThirdParty:978 - Integrity check success = true
2025-10-25 16:10:17,788 [INFO] IntegrityCheckThread:100 - exiting critical section [integrity check]
2025-10-25 16:10:17,788 [INFO] IntegrityCheckThread:103 - End integrity checks thread
2025-10-25 16:10:22,169 [ERROR] LogOutputStream:75 - [STDERR_REDIRECT] 
